
*** Running vivado
    with args -log i211_pcie_top.vds -m64 -product Vivado -mode batch -messageDb vivado.pb -notrace -source i211_pcie_top.tcl



****** Vivado v2022.2 (64-bit)
  **** SW Build 3671981 on Fri Oct 14 05:00:03 MDT 2022
  **** IP Build 3669848 on Fri Oct 14 08:30:02 MDT 2022
    ** Copyright 1986-2022 Xilinx, Inc. All Rights Reserved.

source i211_pcie_top.tcl -notrace
Command: read_checkpoint -auto_incremental -incremental C:/Users/dukehhu/Desktop/1121/Audio_Controller_Logic/Audio_Controller_Logic.srcs/utils_1/imports/synth_1/hda_pcie_top.dcp
INFO: [Vivado 12-5825] Read reference checkpoint from C:/Users/dukehhu/Desktop/1121/Audio_Controller_Logic/Audio_Controller_Logic.srcs/utils_1/imports/synth_1/hda_pcie_top.dcp for incremental synthesis
INFO: [Vivado 12-7989] Please ensure there are no constraint changes
Command: synth_design -top i211_pcie_top -part xc7a75tfgg484-2
Starting synth_design
Attempting to get a license for feature 'Synthesis' and/or device 'xc7a75t'
INFO: [Common 17-349] Got license for feature 'Synthesis' and/or device 'xc7a75t'
INFO: [Device 21-403] Loading part xc7a75tfgg484-2
INFO: [Synth 8-7079] Multithreading enabled for synth_design using a maximum of 2 processes.
INFO: [Synth 8-7078] Launching helper process for spawning children vivado processes
INFO: [Synth 8-7075] Helper process launched with PID 60616
INFO: [Synth 8-11241] undeclared symbol 'REGCCE', assumed default net type 'wire' [C:/Xilinx/Vivado/2022.2/data/verilog/src/unimacro/BRAM_SINGLE_MACRO.v:2170]
---------------------------------------------------------------------------------
Starting RTL Elaboration : Time (s): cpu = 00:00:02 ; elapsed = 00:00:04 . Memory (MB): peak = 1224.230 ; gain = 406.480
---------------------------------------------------------------------------------
INFO: [Synth 8-6157] synthesizing module 'i211_pcie_top' [C:/Users/dukehhu/Desktop/1121/i211_pcie_top.v:24]
INFO: [Synth 8-6157] synthesizing module 'IBUFDS_GTE2' [C:/Xilinx/Vivado/2022.2/scripts/rt/data/unisim_comp.v:71489]
INFO: [Synth 8-6155] done synthesizing module 'IBUFDS_GTE2' (0#1) [C:/Xilinx/Vivado/2022.2/scripts/rt/data/unisim_comp.v:71489]
INFO: [Synth 8-6157] synthesizing module 'pcie_7x_0' [C:/Users/dukehhu/Desktop/1121/Audio_Controller_Logic/Audio_Controller_Logic.runs/synth_1/.Xil/Vivado-56148-DUKEHHU-PC0/realtime/pcie_7x_0_stub.v:5]
INFO: [Synth 8-6155] done synthesizing module 'pcie_7x_0' (0#1) [C:/Users/dukehhu/Desktop/1121/Audio_Controller_Logic/Audio_Controller_Logic.runs/synth_1/.Xil/Vivado-56148-DUKEHHU-PC0/realtime/pcie_7x_0_stub.v:5]
INFO: [Synth 8-6157] synthesizing module 'i211_core_logic' [C:/Users/dukehhu/Desktop/1121/i211_core_logic.v:36]
INFO: [Synth 8-6155] done synthesizing module 'i211_core_logic' (0#1) [C:/Users/dukehhu/Desktop/1121/i211_core_logic.v:36]
INFO: [Synth 8-6157] synthesizing module 'tlp_rx_router' [C:/Users/dukehhu/Desktop/1121/tlp_rx_router.v:27]
INFO: [Synth 8-6155] done synthesizing module 'tlp_rx_router' (0#1) [C:/Users/dukehhu/Desktop/1121/tlp_rx_router.v:27]
INFO: [Synth 8-6157] synthesizing module 'tx_arbiter' [C:/Users/dukehhu/Desktop/1121/tx_arbiter.v:22]
INFO: [Synth 8-6155] done synthesizing module 'tx_arbiter' (0#1) [C:/Users/dukehhu/Desktop/1121/tx_arbiter.v:22]
INFO: [Synth 8-6157] synthesizing module 'tlp_tag_randomizer' [C:/Users/dukehhu/Desktop/1121/tlp_tag_randomizer.v:22]
INFO: [Synth 8-6155] done synthesizing module 'tlp_tag_randomizer' (0#1) [C:/Users/dukehhu/Desktop/1121/tlp_tag_randomizer.v:22]
INFO: [Synth 8-6155] done synthesizing module 'i211_pcie_top' (0#1) [C:/Users/dukehhu/Desktop/1121/i211_pcie_top.v:24]
WARNING: [Synth 8-6014] Unused sequential element jitter_lfsr_reg was removed.  [C:/Users/dukehhu/Desktop/1121/i211_core_logic.v:305]
WARNING: [Synth 8-6014] Unused sequential element eecd_spi_opcode_reg was removed.  [C:/Users/dukehhu/Desktop/1121/i211_core_logic.v:1461]
WARNING: [Synth 8-6014] Unused sequential element eecd_spi_addr_reg was removed.  [C:/Users/dukehhu/Desktop/1121/i211_core_logic.v:1462]
WARNING: [Synth 8-6014] Unused sequential element reg_eimc_reg was removed.  [C:/Users/dukehhu/Desktop/1121/i211_core_logic.v:1507]
WARNING: [Synth 8-6014] Unused sequential element lat_last_be_reg was removed.  [C:/Users/dukehhu/Desktop/1121/i211_core_logic.v:1562]
WARNING: [Synth 8-6014] Unused sequential element eecd_spi_fsm.eecd_sk_rising_reg was removed.  [C:/Users/dukehhu/Desktop/1121/i211_core_logic.v:1807]
WARNING: [Synth 8-6014] Unused sequential element eecd_spi_fsm.eecd_cs_falling_reg was removed.  [C:/Users/dukehhu/Desktop/1121/i211_core_logic.v:1808]
WARNING: [Synth 8-6014] Unused sequential element eecd_spi_fsm.eecd_cs_rising_reg was removed.  [C:/Users/dukehhu/Desktop/1121/i211_core_logic.v:1809]
WARNING: [Synth 8-7129] Port jitter_seed[15] in module i211_core_logic is either unconnected or has no load
WARNING: [Synth 8-7129] Port jitter_seed[14] in module i211_core_logic is either unconnected or has no load
WARNING: [Synth 8-7129] Port jitter_seed[13] in module i211_core_logic is either unconnected or has no load
WARNING: [Synth 8-7129] Port jitter_seed[12] in module i211_core_logic is either unconnected or has no load
WARNING: [Synth 8-7129] Port jitter_seed[11] in module i211_core_logic is either unconnected or has no load
WARNING: [Synth 8-7129] Port jitter_seed[10] in module i211_core_logic is either unconnected or has no load
WARNING: [Synth 8-7129] Port jitter_seed[9] in module i211_core_logic is either unconnected or has no load
WARNING: [Synth 8-7129] Port jitter_seed[8] in module i211_core_logic is either unconnected or has no load
WARNING: [Synth 8-7129] Port jitter_seed[7] in module i211_core_logic is either unconnected or has no load
WARNING: [Synth 8-7129] Port jitter_seed[6] in module i211_core_logic is either unconnected or has no load
WARNING: [Synth 8-7129] Port jitter_seed[5] in module i211_core_logic is either unconnected or has no load
WARNING: [Synth 8-7129] Port jitter_seed[4] in module i211_core_logic is either unconnected or has no load
WARNING: [Synth 8-7129] Port jitter_seed[3] in module i211_core_logic is either unconnected or has no load
WARNING: [Synth 8-7129] Port jitter_seed[2] in module i211_core_logic is either unconnected or has no load
WARNING: [Synth 8-7129] Port jitter_seed[1] in module i211_core_logic is either unconnected or has no load
WARNING: [Synth 8-7129] Port jitter_seed[0] in module i211_core_logic is either unconnected or has no load
WARNING: [Synth 8-7129] Port m_axis_rx_tkeep[7] in module i211_core_logic is either unconnected or has no load
WARNING: [Synth 8-7129] Port m_axis_rx_tkeep[6] in module i211_core_logic is either unconnected or has no load
WARNING: [Synth 8-7129] Port m_axis_rx_tkeep[5] in module i211_core_logic is either unconnected or has no load
WARNING: [Synth 8-7129] Port m_axis_rx_tkeep[4] in module i211_core_logic is either unconnected or has no load
WARNING: [Synth 8-7129] Port m_axis_rx_tkeep[3] in module i211_core_logic is either unconnected or has no load
WARNING: [Synth 8-7129] Port m_axis_rx_tkeep[2] in module i211_core_logic is either unconnected or has no load
WARNING: [Synth 8-7129] Port m_axis_rx_tkeep[1] in module i211_core_logic is either unconnected or has no load
WARNING: [Synth 8-7129] Port m_axis_rx_tkeep[0] in module i211_core_logic is either unconnected or has no load
WARNING: [Synth 8-7129] Port m_axis_rx_tuser[21] in module i211_core_logic is either unconnected or has no load
WARNING: [Synth 8-7129] Port m_axis_rx_tuser[20] in module i211_core_logic is either unconnected or has no load
WARNING: [Synth 8-7129] Port m_axis_rx_tuser[19] in module i211_core_logic is either unconnected or has no load
WARNING: [Synth 8-7129] Port m_axis_rx_tuser[18] in module i211_core_logic is either unconnected or has no load
WARNING: [Synth 8-7129] Port m_axis_rx_tuser[17] in module i211_core_logic is either unconnected or has no load
WARNING: [Synth 8-7129] Port m_axis_rx_tuser[16] in module i211_core_logic is either unconnected or has no load
WARNING: [Synth 8-7129] Port m_axis_rx_tuser[15] in module i211_core_logic is either unconnected or has no load
WARNING: [Synth 8-7129] Port m_axis_rx_tuser[14] in module i211_core_logic is either unconnected or has no load
WARNING: [Synth 8-7129] Port m_axis_rx_tuser[13] in module i211_core_logic is either unconnected or has no load
WARNING: [Synth 8-7129] Port m_axis_rx_tuser[12] in module i211_core_logic is either unconnected or has no load
WARNING: [Synth 8-7129] Port m_axis_rx_tuser[11] in module i211_core_logic is either unconnected or has no load
WARNING: [Synth 8-7129] Port m_axis_rx_tuser[10] in module i211_core_logic is either unconnected or has no load
WARNING: [Synth 8-7129] Port m_axis_rx_tuser[9] in module i211_core_logic is either unconnected or has no load
WARNING: [Synth 8-7129] Port m_axis_rx_tuser[8] in module i211_core_logic is either unconnected or has no load
WARNING: [Synth 8-7129] Port m_axis_rx_tuser[7] in module i211_core_logic is either unconnected or has no load
WARNING: [Synth 8-7129] Port m_axis_rx_tuser[6] in module i211_core_logic is either unconnected or has no load
WARNING: [Synth 8-7129] Port m_axis_rx_tuser[5] in module i211_core_logic is either unconnected or has no load
WARNING: [Synth 8-7129] Port m_axis_rx_tuser[4] in module i211_core_logic is either unconnected or has no load
WARNING: [Synth 8-7129] Port m_axis_rx_tuser[3] in module i211_core_logic is either unconnected or has no load
WARNING: [Synth 8-7129] Port m_axis_rx_tuser[2] in module i211_core_logic is either unconnected or has no load
WARNING: [Synth 8-7129] Port m_axis_rx_tuser[1] in module i211_core_logic is either unconnected or has no load
WARNING: [Synth 8-7129] Port m_axis_rx_tuser[0] in module i211_core_logic is either unconnected or has no load
---------------------------------------------------------------------------------
Finished RTL Elaboration : Time (s): cpu = 00:00:02 ; elapsed = 00:00:06 . Memory (MB): peak = 1399.418 ; gain = 581.668
---------------------------------------------------------------------------------
---------------------------------------------------------------------------------
Start Handling Custom Attributes
---------------------------------------------------------------------------------
---------------------------------------------------------------------------------
Finished Handling Custom Attributes : Time (s): cpu = 00:00:02 ; elapsed = 00:00:06 . Memory (MB): peak = 1399.418 ; gain = 581.668
---------------------------------------------------------------------------------
---------------------------------------------------------------------------------
Finished RTL Optimization Phase 1 : Time (s): cpu = 00:00:02 ; elapsed = 00:00:06 . Memory (MB): peak = 1399.418 ; gain = 581.668
---------------------------------------------------------------------------------
Netlist sorting complete. Time (s): cpu = 00:00:00 ; elapsed = 00:00:00.222 . Memory (MB): peak = 1399.418 ; gain = 0.000
INFO: [Project 1-570] Preparing netlist for logic optimization

Processing XDC Constraints
Initializing timing engine
Parsing XDC File [c:/Users/dukehhu/Desktop/1121/Audio_Controller_Logic/Audio_Controller_Logic.gen/sources_1/ip/pcie_7x_0/pcie_7x_0/pcie_7x_0_in_context.xdc] for cell 'u_pcie_ep'
Finished Parsing XDC File [c:/Users/dukehhu/Desktop/1121/Audio_Controller_Logic/Audio_Controller_Logic.gen/sources_1/ip/pcie_7x_0/pcie_7x_0/pcie_7x_0_in_context.xdc] for cell 'u_pcie_ep'
Parsing XDC File [C:/Users/dukehhu/Desktop/1121/constraints.xdc]
Finished Parsing XDC File [C:/Users/dukehhu/Desktop/1121/constraints.xdc]
INFO: [Project 1-236] Implementation specific constraints were found while reading constraint file [C:/Users/dukehhu/Desktop/1121/constraints.xdc]. These constraints will be ignored for synthesis but will be used in implementation. Impacted constraints are listed in the file [.Xil/i211_pcie_top_propImpl.xdc].
Resolution: To avoid this warning, move constraints listed in [.Xil/i211_pcie_top_propImpl.xdc] to another XDC file and exclude this new file from synthesis with the used_in_synthesis property (File Properties dialog in GUI) and re-run elaboration/synthesis.
Completed Processing XDC Constraints

Netlist sorting complete. Time (s): cpu = 00:00:00 ; elapsed = 00:00:00.001 . Memory (MB): peak = 1495.293 ; gain = 0.000
INFO: [Project 1-111] Unisim Transformation Summary:
No Unisim elements were transformed.

Constraint Validation Runtime : Time (s): cpu = 00:00:00 ; elapsed = 00:00:00.015 . Memory (MB): peak = 1495.293 ; gain = 0.000
INFO: [Synth 8-11241] undeclared symbol 'REGCCE', assumed default net type 'wire' [C:/Xilinx/Vivado/2022.2/data/verilog/src/unimacro/BRAM_SINGLE_MACRO.v:2170]
---------------------------------------------------------------------------------
Finished Constraint Validation : Time (s): cpu = 00:00:03 ; elapsed = 00:00:13 . Memory (MB): peak = 1495.293 ; gain = 677.543
---------------------------------------------------------------------------------
---------------------------------------------------------------------------------
Start Loading Part and Timing Information
---------------------------------------------------------------------------------
Loading part: xc7a75tfgg484-2
---------------------------------------------------------------------------------
Finished Loading Part and Timing Information : Time (s): cpu = 00:00:03 ; elapsed = 00:00:13 . Memory (MB): peak = 1495.293 ; gain = 677.543
---------------------------------------------------------------------------------
---------------------------------------------------------------------------------
Start Applying 'set_property' XDC Constraints
---------------------------------------------------------------------------------
Applied set_property KEEP_HIERARCHY = SOFT for u_pcie_ep. (constraint file  auto generated constraint).
---------------------------------------------------------------------------------
Finished applying 'set_property' XDC Constraints : Time (s): cpu = 00:00:03 ; elapsed = 00:00:13 . Memory (MB): peak = 1495.293 ; gain = 677.543
---------------------------------------------------------------------------------
---------------------------------------------------------------------------------
Start Preparing Guide Design
---------------------------------------------------------------------------------
WARNING: [Synth 8-6702] IncrSynth : Design change found in an area of the design that prevents previous synthesis information being used, Reverting to default synthesis
---------------------------------------------------------------------------------
Finished Doing Graph Differ : Time (s): cpu = 00:00:03 ; elapsed = 00:00:13 . Memory (MB): peak = 1495.293 ; gain = 677.543
---------------------------------------------------------------------------------
---------------------------------------------------------------------------------
Finished Preparing Guide Design : Time (s): cpu = 00:00:03 ; elapsed = 00:00:13 . Memory (MB): peak = 1495.293 ; gain = 677.543
---------------------------------------------------------------------------------
INFO: [Synth 8-802] inferred FSM for state register 'state_reg' in module 'i211_core_logic'
INFO: [Synth 8-802] inferred FSM for state register 'eecd_spi_state_reg' in module 'i211_core_logic'
INFO: [Synth 8-802] inferred FSM for state register 'route_state_reg' in module 'tlp_rx_router'
INFO: [Synth 8-802] inferred FSM for state register 'arb_state_reg' in module 'tx_arbiter'
---------------------------------------------------------------------------------------------------
                   State |                     New Encoding |                Previous Encoding 
---------------------------------------------------------------------------------------------------
                SPI_IDLE |                              000 |                              000
              SPI_OPCODE |                              001 |                              001
                SPI_ADDR |                              010 |                              010
            SPI_DATA_OUT |                              011 |                              011
                SPI_DONE |                              100 |                              100
---------------------------------------------------------------------------------------------------
INFO: [Synth 8-3354] encoded FSM with state register 'eecd_spi_state_reg' using encoding 'sequential' in module 'i211_core_logic'
---------------------------------------------------------------------------------------------------
                   State |                     New Encoding |                Previous Encoding 
---------------------------------------------------------------------------------------------------
                 ST_IDLE |                             0000 |                            00000
              ST_RX_HDR1 |                             0001 |                            00001
             ST_RX_DRAIN |                             0010 |                            00111
              ST_TX_CPL0 |                             0011 |                            00100
            ST_TX_CPL0_W |                             0100 |                            01011
            ST_TX_CPL1_W |                             0101 |                            01100
         ST_RX_MWR4_DATA |                             0110 |                            01010
              ST_RX_DATA |                             0111 |                            00010
          ST_RX_DRAIN_UR |                             1000 |                            10000
               ST_TX_UR0 |                             1001 |                            01000
             ST_TX_UR0_W |                             1010 |                            01101
             ST_TX_UR1_W |                             1011 |                            01110
        ST_RX_DRAIN_POST |                             1100 |                            01111
---------------------------------------------------------------------------------------------------
INFO: [Synth 8-3354] encoded FSM with state register 'state_reg' using encoding 'sequential' in module 'i211_core_logic'
---------------------------------------------------------------------------------------------------
                   State |                     New Encoding |                Previous Encoding 
---------------------------------------------------------------------------------------------------
                 RT_IDLE |                               00 |                               00
               RT_TO_DMA |                               01 |                               10
               RT_TO_BAR |                               10 |                               01
---------------------------------------------------------------------------------------------------
INFO: [Synth 8-3354] encoded FSM with state register 'route_state_reg' using encoding 'sequential' in module 'tlp_rx_router'
---------------------------------------------------------------------------------------------------
                   State |                     New Encoding |                Previous Encoding 
---------------------------------------------------------------------------------------------------
                ARB_IDLE |                              001 |                               00
                  ARB_P0 |                              100 |                               01
                  ARB_P1 |                              010 |                               10
---------------------------------------------------------------------------------------------------
INFO: [Synth 8-3354] encoded FSM with state register 'arb_state_reg' using encoding 'one-hot' in module 'tx_arbiter'
---------------------------------------------------------------------------------
Finished RTL Optimization Phase 2 : Time (s): cpu = 00:00:08 ; elapsed = 00:00:32 . Memory (MB): peak = 1495.293 ; gain = 677.543
---------------------------------------------------------------------------------


Incremental Synthesis Report Summary:

1. Incremental synthesis run: no

   Reason for not running incremental synthesis : Design change found in an area of the design that prevents previous synthesis information being used


INFO: [Synth 8-7130] Flow is switching to default flow due to incremental criteria not met. If you would like to alter this behaviour and have the flow terminate instead, please set the following parameter config_implementation {autoIncr.Synth.RejectBehavior Terminate}
---------------------------------------------------------------------------------
Start RTL Component Statistics 
---------------------------------------------------------------------------------
Detailed RTL Component Info : 
+---Adders : 
	   2 Input   16 Bit       Adders := 1     
	   3 Input   16 Bit       Adders := 1     
	   2 Input    8 Bit       Adders := 2     
	   2 Input    5 Bit       Adders := 1     
	   2 Input    4 Bit       Adders := 1     
	   2 Input    2 Bit       Adders := 1     
+---XORs : 
	   2 Input     32 Bit         XORs := 2     
	   2 Input     16 Bit         XORs := 1     
	   3 Input     16 Bit         XORs := 1     
+---Registers : 
	               64 Bit    Registers := 2     
	               32 Bit    Registers := 74    
	               16 Bit    Registers := 6     
	               10 Bit    Registers := 1     
	                8 Bit    Registers := 4     
	                5 Bit    Registers := 2     
	                4 Bit    Registers := 3     
	                3 Bit    Registers := 1     
	                2 Bit    Registers := 2     
	                1 Bit    Registers := 13    
+---Muxes : 
	  13 Input   64 Bit        Muxes := 1     
	   2 Input   64 Bit        Muxes := 3     
	   2 Input   32 Bit        Muxes := 43    
	  13 Input   32 Bit        Muxes := 70    
	  57 Input   32 Bit        Muxes := 2     
	  56 Input   32 Bit        Muxes := 29    
	   3 Input   32 Bit        Muxes := 1     
	   2 Input   16 Bit        Muxes := 11    
	  38 Input   16 Bit        Muxes := 3     
	  18 Input   16 Bit        Muxes := 1     
	   5 Input   16 Bit        Muxes := 2     
	   3 Input   14 Bit        Muxes := 1     
	   2 Input   14 Bit        Muxes := 1     
	   2 Input   12 Bit        Muxes := 1     
	  13 Input    8 Bit        Muxes := 1     
	   2 Input    8 Bit        Muxes := 89    
	   3 Input    7 Bit        Muxes := 1     
	   2 Input    7 Bit        Muxes := 1     
	  77 Input    6 Bit        Muxes := 2     
	   5 Input    5 Bit        Muxes := 1     
	   2 Input    5 Bit        Muxes := 1     
	  24 Input    4 Bit        Muxes := 1     
	   2 Input    4 Bit        Muxes := 3     
	   2 Input    3 Bit        Muxes := 5     
	   5 Input    3 Bit        Muxes := 1     
	   3 Input    3 Bit        Muxes := 2     
	   2 Input    2 Bit        Muxes := 4     
	   3 Input    2 Bit        Muxes := 1     
	  13 Input    1 Bit        Muxes := 23    
	   2 Input    1 Bit        Muxes := 42    
	   4 Input    1 Bit        Muxes := 1     
	   5 Input    1 Bit        Muxes := 6     
	   3 Input    1 Bit        Muxes := 4     
---------------------------------------------------------------------------------
Finished RTL Component Statistics 
---------------------------------------------------------------------------------
---------------------------------------------------------------------------------
Start Part Resource Summary
---------------------------------------------------------------------------------
Part Resources:
DSPs: 180 (col length:80)
BRAMs: 210 (col length: RAMB18 80 RAMB36 40)
---------------------------------------------------------------------------------
Finished Part Resource Summary
---------------------------------------------------------------------------------
---------------------------------------------------------------------------------
Start Cross Boundary and Area Optimization
---------------------------------------------------------------------------------
INFO: [Synth 8-5546] ROM "phy_read" won't be mapped to RAM because it is too sparse
INFO: [Synth 8-5546] ROM "phy_read" won't be mapped to RAM because it is too sparse
INFO: [Synth 8-5546] ROM "phy_read" won't be mapped to RAM because it is too sparse
INFO: [Synth 8-5546] ROM "phy_read" won't be mapped to RAM because it is too sparse
INFO: [Synth 8-3886] merging instance 'reg_eics_reg[0]' (FDRE) to 'reg_fcttv_reg[16]'
INFO: [Synth 8-3886] merging instance 'reg_eics_reg[1]' (FDRE) to 'reg_fcttv_reg[16]'
INFO: [Synth 8-3886] merging instance 'reg_eics_reg[2]' (FDRE) to 'reg_fcttv_reg[16]'
INFO: [Synth 8-3886] merging instance 'reg_eics_reg[3]' (FDRE) to 'reg_fcttv_reg[16]'
INFO: [Synth 8-3886] merging instance 'reg_eics_reg[4]' (FDRE) to 'reg_fcttv_reg[16]'
INFO: [Synth 8-3333] propagating constant 0 across sequential element (\reg_eecd_reg[4] )
INFO: [Synth 8-3886] merging instance 'reg_eics_reg[5]' (FDRE) to 'reg_fcttv_reg[16]'
INFO: [Synth 8-3333] propagating constant 0 across sequential element (\reg_eecd_reg[5] )
INFO: [Synth 8-3886] merging instance 'reg_eics_reg[6]' (FDRE) to 'reg_fcttv_reg[16]'
INFO: [Synth 8-3886] merging instance 'reg_eics_reg[7]' (FDRE) to 'reg_fcttv_reg[16]'
INFO: [Synth 8-3886] merging instance 'reg_eics_reg[8]' (FDRE) to 'reg_fcttv_reg[16]'
INFO: [Synth 8-3886] merging instance 'reg_eics_reg[9]' (FDRE) to 'reg_fcttv_reg[16]'
INFO: [Synth 8-3886] merging instance 'reg_eics_reg[10]' (FDRE) to 'reg_fcttv_reg[16]'
INFO: [Synth 8-3886] merging instance 'reg_eics_reg[11]' (FDRE) to 'reg_fcttv_reg[16]'
INFO: [Synth 8-3886] merging instance 'reg_eics_reg[12]' (FDRE) to 'reg_fcttv_reg[16]'
INFO: [Synth 8-3886] merging instance 'reg_eics_reg[13]' (FDRE) to 'reg_fcttv_reg[16]'
INFO: [Synth 8-3886] merging instance 'reg_eics_reg[14]' (FDRE) to 'reg_fcttv_reg[16]'
INFO: [Synth 8-3886] merging instance 'reg_eics_reg[15]' (FDRE) to 'reg_fcttv_reg[16]'
INFO: [Synth 8-3886] merging instance 'reg_eics_reg[16]' (FDRE) to 'reg_fcttv_reg[16]'
INFO: [Synth 8-3886] merging instance 'reg_fcttv_reg[16]' (FDRE) to 'reg_fcttv_reg[17]'
INFO: [Synth 8-3886] merging instance 'reg_fct_reg[16]' (FDRE) to 'reg_fcttv_reg[17]'
INFO: [Synth 8-3886] merging instance 'reg_itr_reg[16]' (FDRE) to 'reg_fcttv_reg[17]'
INFO: [Synth 8-3886] merging instance 'reg_eics_reg[17]' (FDRE) to 'reg_fcttv_reg[17]'
INFO: [Synth 8-3886] merging instance 'reg_fcttv_reg[17]' (FDRE) to 'reg_fcttv_reg[18]'
INFO: [Synth 8-3886] merging instance 'reg_fct_reg[17]' (FDRE) to 'reg_fcttv_reg[18]'
INFO: [Synth 8-3886] merging instance 'reg_itr_reg[17]' (FDRE) to 'reg_fcttv_reg[18]'
INFO: [Synth 8-3886] merging instance 'reg_eics_reg[18]' (FDRE) to 'reg_fcttv_reg[18]'
INFO: [Synth 8-3886] merging instance 'reg_fcttv_reg[18]' (FDRE) to 'reg_fcttv_reg[19]'
INFO: [Synth 8-3886] merging instance 'reg_fct_reg[18]' (FDRE) to 'reg_fcttv_reg[19]'
INFO: [Synth 8-3886] merging instance 'reg_itr_reg[18]' (FDRE) to 'reg_fcttv_reg[19]'
INFO: [Synth 8-3886] merging instance 'reg_eics_reg[19]' (FDRE) to 'reg_fcttv_reg[19]'
INFO: [Synth 8-3886] merging instance 'reg_fcttv_reg[19]' (FDRE) to 'reg_fcttv_reg[20]'
INFO: [Synth 8-3886] merging instance 'reg_fct_reg[19]' (FDRE) to 'reg_fcttv_reg[20]'
INFO: [Synth 8-3886] merging instance 'reg_itr_reg[19]' (FDRE) to 'reg_fcttv_reg[20]'
INFO: [Synth 8-3886] merging instance 'reg_eics_reg[20]' (FDRE) to 'reg_fcttv_reg[20]'
INFO: [Synth 8-3886] merging instance 'reg_fcttv_reg[20]' (FDRE) to 'reg_fcttv_reg[21]'
INFO: [Synth 8-3886] merging instance 'reg_fct_reg[20]' (FDRE) to 'reg_fcttv_reg[21]'
INFO: [Synth 8-3886] merging instance 'reg_itr_reg[20]' (FDRE) to 'reg_fcttv_reg[21]'
INFO: [Synth 8-3886] merging instance 'reg_eics_reg[21]' (FDRE) to 'reg_fcttv_reg[21]'
INFO: [Synth 8-3886] merging instance 'reg_fcttv_reg[21]' (FDRE) to 'reg_fcttv_reg[22]'
INFO: [Synth 8-3886] merging instance 'reg_fct_reg[21]' (FDRE) to 'reg_fcttv_reg[22]'
INFO: [Synth 8-3886] merging instance 'reg_itr_reg[21]' (FDRE) to 'reg_fcttv_reg[22]'
INFO: [Synth 8-3886] merging instance 'reg_eics_reg[22]' (FDRE) to 'reg_fcttv_reg[22]'
INFO: [Synth 8-3886] merging instance 'reg_fcttv_reg[22]' (FDRE) to 'reg_fcttv_reg[23]'
INFO: [Synth 8-3886] merging instance 'reg_fct_reg[22]' (FDRE) to 'reg_fcttv_reg[23]'
INFO: [Synth 8-3886] merging instance 'reg_itr_reg[22]' (FDRE) to 'reg_fcttv_reg[23]'
INFO: [Synth 8-3886] merging instance 'reg_eics_reg[23]' (FDRE) to 'reg_fcttv_reg[23]'
INFO: [Synth 8-3886] merging instance 'reg_fcttv_reg[23]' (FDRE) to 'reg_fcttv_reg[24]'
INFO: [Synth 8-3886] merging instance 'reg_fct_reg[23]' (FDRE) to 'reg_fcttv_reg[24]'
INFO: [Synth 8-3886] merging instance 'reg_itr_reg[23]' (FDRE) to 'reg_fcttv_reg[24]'
INFO: [Synth 8-3886] merging instance 'reg_eics_reg[24]' (FDRE) to 'reg_fcttv_reg[24]'
INFO: [Synth 8-3886] merging instance 'reg_fcttv_reg[24]' (FDRE) to 'reg_fcttv_reg[25]'
INFO: [Synth 8-3886] merging instance 'reg_fct_reg[24]' (FDRE) to 'reg_fcttv_reg[25]'
INFO: [Synth 8-3886] merging instance 'reg_itr_reg[24]' (FDRE) to 'reg_fcttv_reg[25]'
INFO: [Synth 8-3886] merging instance 'reg_eics_reg[25]' (FDRE) to 'reg_fcttv_reg[25]'
INFO: [Synth 8-3886] merging instance 'reg_fcttv_reg[25]' (FDRE) to 'reg_fcttv_reg[26]'
INFO: [Synth 8-3886] merging instance 'reg_fct_reg[25]' (FDRE) to 'reg_fcttv_reg[26]'
INFO: [Synth 8-3886] merging instance 'reg_itr_reg[25]' (FDRE) to 'reg_fcttv_reg[26]'
INFO: [Synth 8-3886] merging instance 'reg_eics_reg[26]' (FDRE) to 'reg_fcttv_reg[26]'
INFO: [Synth 8-3886] merging instance 'reg_fcttv_reg[26]' (FDRE) to 'reg_fcttv_reg[27]'
INFO: [Synth 8-3886] merging instance 'reg_fct_reg[26]' (FDRE) to 'reg_fcttv_reg[27]'
INFO: [Synth 8-3886] merging instance 'reg_itr_reg[26]' (FDRE) to 'reg_fcttv_reg[27]'
INFO: [Synth 8-3886] merging instance 'reg_eics_reg[27]' (FDRE) to 'reg_fcttv_reg[27]'
INFO: [Synth 8-3886] merging instance 'reg_fcttv_reg[27]' (FDRE) to 'reg_fcttv_reg[28]'
INFO: [Synth 8-3886] merging instance 'reg_fct_reg[27]' (FDRE) to 'reg_fcttv_reg[28]'
INFO: [Synth 8-3886] merging instance 'reg_itr_reg[27]' (FDRE) to 'reg_fcttv_reg[28]'
INFO: [Synth 8-3886] merging instance 'reg_eics_reg[28]' (FDRE) to 'reg_fcttv_reg[28]'
INFO: [Synth 8-3886] merging instance 'reg_fcttv_reg[28]' (FDRE) to 'reg_fcttv_reg[29]'
INFO: [Synth 8-3886] merging instance 'reg_fct_reg[28]' (FDRE) to 'reg_fcttv_reg[29]'
INFO: [Synth 8-3886] merging instance 'reg_itr_reg[28]' (FDRE) to 'reg_fcttv_reg[29]'
INFO: [Synth 8-3886] merging instance 'reg_eics_reg[29]' (FDRE) to 'reg_fcttv_reg[29]'
INFO: [Synth 8-3886] merging instance 'reg_fcttv_reg[29]' (FDRE) to 'reg_fcttv_reg[30]'
INFO: [Synth 8-3886] merging instance 'reg_fct_reg[29]' (FDRE) to 'reg_fcttv_reg[30]'
INFO: [Synth 8-3886] merging instance 'reg_itr_reg[29]' (FDRE) to 'reg_fcttv_reg[30]'
INFO: [Synth 8-3886] merging instance 'reg_eics_reg[30]' (FDRE) to 'reg_fcttv_reg[30]'
INFO: [Synth 8-3886] merging instance 'reg_fcttv_reg[30]' (FDRE) to 'reg_fcttv_reg[31]'
INFO: [Synth 8-3886] merging instance 'reg_fct_reg[30]' (FDRE) to 'reg_fcttv_reg[31]'
INFO: [Synth 8-3886] merging instance 'reg_itr_reg[30]' (FDRE) to 'reg_fcttv_reg[31]'
INFO: [Synth 8-3886] merging instance 'reg_eics_reg[31]' (FDRE) to 'reg_fcttv_reg[31]'
INFO: [Synth 8-3886] merging instance 'reg_fcttv_reg[31]' (FDRE) to 'reg_itr_reg[31]'
INFO: [Synth 8-3886] merging instance 'reg_fct_reg[31]' (FDRE) to 'reg_itr_reg[31]'
INFO: [Synth 8-3333] propagating constant 0 across sequential element (\reg_itr_reg[31] )
INFO: [Synth 8-5546] ROM "reg_mdic" won't be mapped to RAM because it is too sparse
INFO: [Synth 8-5546] ROM "reg_mdic" won't be mapped to RAM because it is too sparse
INFO: [Synth 8-3886] merging instance 's_axis_tx_tuser_reg[0]' (FDRE) to 's_axis_tx_tuser_reg[3]'
INFO: [Synth 8-3886] merging instance 's_axis_tx_tuser_reg[1]' (FDRE) to 's_axis_tx_tuser_reg[3]'
INFO: [Synth 8-3886] merging instance 's_axis_tx_tuser_reg[2]' (FDRE) to 's_axis_tx_tuser_reg[3]'
INFO: [Synth 8-3333] propagating constant 0 across sequential element (\s_axis_tx_tuser_reg[3] )
---------------------------------------------------------------------------------
Finished Cross Boundary and Area Optimization : Time (s): cpu = 00:00:14 ; elapsed = 00:01:11 . Memory (MB): peak = 1495.293 ; gain = 677.543
---------------------------------------------------------------------------------
---------------------------------------------------------------------------------
Start Applying XDC Timing Constraints
---------------------------------------------------------------------------------
---------------------------------------------------------------------------------
Finished Applying XDC Timing Constraints : Time (s): cpu = 00:00:16 ; elapsed = 00:01:15 . Memory (MB): peak = 1495.293 ; gain = 677.543
---------------------------------------------------------------------------------
---------------------------------------------------------------------------------
Start Timing Optimization
---------------------------------------------------------------------------------
---------------------------------------------------------------------------------
Finished Timing Optimization : Time (s): cpu = 00:00:21 ; elapsed = 00:01:27 . Memory (MB): peak = 1719.953 ; gain = 902.203
---------------------------------------------------------------------------------
---------------------------------------------------------------------------------
Start Technology Mapping
---------------------------------------------------------------------------------
---------------------------------------------------------------------------------
Finished Technology Mapping : Time (s): cpu = 00:00:21 ; elapsed = 00:01:36 . Memory (MB): peak = 1719.953 ; gain = 902.203
---------------------------------------------------------------------------------
---------------------------------------------------------------------------------
Start IO Insertion
---------------------------------------------------------------------------------
---------------------------------------------------------------------------------
Start Flattening Before IO Insertion
---------------------------------------------------------------------------------
---------------------------------------------------------------------------------
Finished Flattening Before IO Insertion
---------------------------------------------------------------------------------
---------------------------------------------------------------------------------
Start Final Netlist Cleanup
---------------------------------------------------------------------------------
---------------------------------------------------------------------------------
Finished Final Netlist Cleanup
---------------------------------------------------------------------------------
---------------------------------------------------------------------------------
Finished IO Insertion : Time (s): cpu = 00:00:22 ; elapsed = 00:01:39 . Memory (MB): peak = 1719.953 ; gain = 902.203
---------------------------------------------------------------------------------
---------------------------------------------------------------------------------
Start Renaming Generated Instances
---------------------------------------------------------------------------------
---------------------------------------------------------------------------------
Finished Renaming Generated Instances : Time (s): cpu = 00:00:22 ; elapsed = 00:01:39 . Memory (MB): peak = 1719.953 ; gain = 902.203
---------------------------------------------------------------------------------
---------------------------------------------------------------------------------
Start Rebuilding User Hierarchy
---------------------------------------------------------------------------------
---------------------------------------------------------------------------------
Finished Rebuilding User Hierarchy : Time (s): cpu = 00:00:22 ; elapsed = 00:01:40 . Memory (MB): peak = 1719.953 ; gain = 902.203
---------------------------------------------------------------------------------
---------------------------------------------------------------------------------
Start Renaming Generated Ports
---------------------------------------------------------------------------------
---------------------------------------------------------------------------------
Finished Renaming Generated Ports : Time (s): cpu = 00:00:22 ; elapsed = 00:01:40 . Memory (MB): peak = 1719.953 ; gain = 902.203
---------------------------------------------------------------------------------
---------------------------------------------------------------------------------
Start Handling Custom Attributes
---------------------------------------------------------------------------------
---------------------------------------------------------------------------------
Finished Handling Custom Attributes : Time (s): cpu = 00:00:22 ; elapsed = 00:01:40 . Memory (MB): peak = 1719.953 ; gain = 902.203
---------------------------------------------------------------------------------
---------------------------------------------------------------------------------
Start Renaming Generated Nets
---------------------------------------------------------------------------------
---------------------------------------------------------------------------------
Finished Renaming Generated Nets : Time (s): cpu = 00:00:22 ; elapsed = 00:01:40 . Memory (MB): peak = 1719.953 ; gain = 902.203
---------------------------------------------------------------------------------
---------------------------------------------------------------------------------
Start Writing Synthesis Report
---------------------------------------------------------------------------------

Report BlackBoxes: 
+------+--------------+----------+
|      |BlackBox name |Instances |
+------+--------------+----------+
|1     |pcie_7x_0     |         1|
+------+--------------+----------+

Report Cell Usage: 
+------+------------+------+
|      |Cell        |Count |
+------+------------+------+
|1     |pcie_7x     |     1|
|2     |CARRY4      |    16|
|3     |IBUFDS_GTE2 |     1|
|4     |LUT1        |    33|
|5     |LUT2        |   105|
|6     |LUT3        |   393|
|7     |LUT4        |   303|
|8     |LUT5        |   802|
|9     |LUT6        |  1794|
|10    |MUXF7       |   354|
|11    |MUXF8       |     1|
|12    |FDRE        |  2453|
|13    |FDSE        |    87|
|14    |IBUF        |     5|
|15    |OBUF        |     3|
+------+------------+------+
---------------------------------------------------------------------------------
Finished Writing Synthesis Report : Time (s): cpu = 00:00:22 ; elapsed = 00:01:40 . Memory (MB): peak = 1719.953 ; gain = 902.203
---------------------------------------------------------------------------------
Synthesis finished with 0 errors, 0 critical warnings and 1 warnings.
Synthesis Optimization Runtime : Time (s): cpu = 00:00:19 ; elapsed = 00:01:38 . Memory (MB): peak = 1719.953 ; gain = 806.328
Synthesis Optimization Complete : Time (s): cpu = 00:00:22 ; elapsed = 00:01:40 . Memory (MB): peak = 1719.953 ; gain = 902.203
INFO: [Project 1-571] Translating synthesized netlist
Netlist sorting complete. Time (s): cpu = 00:00:00 ; elapsed = 00:00:00.040 . Memory (MB): peak = 1719.953 ; gain = 0.000
INFO: [Netlist 29-17] Analyzing 371 Unisim elements for replacement
INFO: [Netlist 29-28] Unisim Transformation completed in 0 CPU seconds
WARNING: [Netlist 29-101] Netlist 'i211_pcie_top' is not ideal for floorplanning, since the cellview 'i211_core_logic' contains a large number of primitives.  Please consider enabling hierarchy in synthesis if you want to do floorplanning.
INFO: [Project 1-570] Preparing netlist for logic optimization
INFO: [Opt 31-138] Pushed 0 inverter(s) to 0 load pin(s).
Netlist sorting complete. Time (s): cpu = 00:00:00 ; elapsed = 00:00:00 . Memory (MB): peak = 1719.953 ; gain = 0.000
INFO: [Project 1-111] Unisim Transformation Summary:
No Unisim elements were transformed.

Synth Design complete, checksum: b4062e31
INFO: [Common 17-83] Releasing license: Synthesis
134 Infos, 56 Warnings, 0 Critical Warnings and 0 Errors encountered.
synth_design completed successfully
synth_design: Time (s): cpu = 00:00:23 ; elapsed = 00:01:45 . Memory (MB): peak = 1719.953 ; gain = 1299.098
INFO: [Common 17-1381] The checkpoint 'C:/Users/dukehhu/Desktop/1121/Audio_Controller_Logic/Audio_Controller_Logic.runs/synth_1/i211_pcie_top.dcp' has been generated.
INFO: [runtcl-4] Executing : report_utilization -file i211_pcie_top_utilization_synth.rpt -pb i211_pcie_top_utilization_synth.pb
INFO: [Common 17-206] Exiting Vivado at Thu Mar 12 23:06:26 2026...
