Copyright 1986-2022 Xilinx, Inc. All Rights Reserved.
----------------------------------------------------------------------------------------------------------------------------------------------------------
| Tool Version     : Vivado v.2022.2 (win64) Build 3671981 Fri Oct 14 05:00:03 MDT 2022
| Date             : Wed Mar 11 17:06:05 2026
| Host             : DUKEHHU-PC0 running 64-bit major release  (build 9200)
| Command          : report_power -file hda_pcie_top_power_routed.rpt -pb hda_pcie_top_power_summary_routed.pb -rpx hda_pcie_top_power_routed.rpx
| Design           : hda_pcie_top
| Device           : xc7a75tfgg484-2
| Design State     : routed
| Grade            : commercial
| Process          : typical
| Characterization : Production
----------------------------------------------------------------------------------------------------------------------------------------------------------

Power Report

Table of Contents
-----------------
1. Summary
1.1 On-Chip Components
1.2 Power Supply Summary
1.3 Confidence Level
2. Settings
2.1 Environment
2.2 Clock Constraints
3. Detailed Reports
3.1 By Hierarchy

1. Summary
----------

+--------------------------+--------------+
| Total On-Chip Power (W)  | 0.566        |
| Design Power Budget (W)  | Unspecified* |
| Power Budget Margin (W)  | NA           |
| Dynamic (W)              | 0.463        |
| Device Static (W)        | 0.103        |
| Effective TJA (C/W)      | 2.7          |
| Max Ambient (C)          | 83.5         |
| Junction Temperature (C) | 26.5         |
| Confidence Level         | Low          |
| Setting File             | ---          |
| Simulation Activity File | ---          |
| Design Nets Matched      | NA           |
+--------------------------+--------------+
* Specify Design Power Budget using, set_operating_conditions -design_power_budget <value in Watts>


1.1 On-Chip Components
----------------------

+-------------------------+-----------+----------+-----------+-----------------+
| On-Chip                 | Power (W) | Used     | Available | Utilization (%) |
+-------------------------+-----------+----------+-----------+-----------------+
| Clocks                  |     0.015 |       12 |       --- |             --- |
| Slice Logic             |     0.003 |     6660 |       --- |             --- |
|   LUT as Logic          |     0.002 |     2063 |     47200 |            4.37 |
|   Register              |    <0.001 |     3916 |     94400 |            4.15 |
|   F7/F8 Muxes           |    <0.001 |      209 |     63400 |            0.33 |
|   CARRY4                |    <0.001 |       50 |     15850 |            0.32 |
|   LUT as Shift Register |    <0.001 |       11 |     19000 |            0.06 |
|   Others                |     0.000 |      102 |       --- |             --- |
| Signals                 |     0.005 |     6000 |       --- |             --- |
| Block RAM               |     0.010 |        8 |       105 |            7.62 |
| MMCM                    |     0.211 |        2 |         6 |           33.33 |
| I/O                     |    <0.001 |        2 |       285 |            0.70 |
| GTP                     |     0.176 |        1 |       --- |             --- |
| Hard IPs                |     0.042 |        1 |       --- |             --- |
|   PCIE                  |     0.042 |        1 |         1 |          100.00 |
| Static Power            |     0.103 |          |           |                 |
| Total                   |     0.566 |          |           |                 |
+-------------------------+-----------+----------+-----------+-----------------+


1.2 Power Supply Summary
------------------------

+-----------+-------------+-----------+-------------+------------+-------------+-------------+------------+
| Source    | Voltage (V) | Total (A) | Dynamic (A) | Static (A) | Powerup (A) | Budget (A)  | Margin (A) |
+-----------+-------------+-----------+-------------+------------+-------------+-------------+------------+
| Vccint    |       1.000 |     0.113 |       0.097 |      0.016 |       NA    | Unspecified | NA         |
| Vccaux    |       1.800 |     0.135 |       0.117 |      0.018 |       NA    | Unspecified | NA         |
| Vcco33    |       3.300 |     0.004 |       0.000 |      0.004 |       NA    | Unspecified | NA         |
| Vcco25    |       2.500 |     0.000 |       0.000 |      0.000 |       NA    | Unspecified | NA         |
| Vcco18    |       1.800 |     0.000 |       0.000 |      0.000 |       NA    | Unspecified | NA         |
| Vcco15    |       1.500 |     0.000 |       0.000 |      0.000 |       NA    | Unspecified | NA         |
| Vcco135   |       1.350 |     0.000 |       0.000 |      0.000 |       NA    | Unspecified | NA         |
| Vcco12    |       1.200 |     0.000 |       0.000 |      0.000 |       NA    | Unspecified | NA         |
| Vccaux_io |       1.800 |     0.000 |       0.000 |      0.000 |       NA    | Unspecified | NA         |
| Vccbram   |       1.000 |     0.001 |       0.001 |      0.000 |       NA    | Unspecified | NA         |
| MGTAVcc   |       1.000 |     0.083 |       0.081 |      0.001 |       NA    | Unspecified | NA         |
| MGTAVtt   |       1.200 |     0.064 |       0.061 |      0.003 |       NA    | Unspecified | NA         |
| Vccadc    |       1.800 |     0.020 |       0.000 |      0.020 |       NA    | Unspecified | NA         |
+-----------+-------------+-----------+-------------+------------+-------------+-------------+------------+


1.3 Confidence Level
--------------------

+-----------------------------+------------+--------------------------------------------------------+------------------------------------------------------------------------------------------------------------+
| User Input Data             | Confidence | Details                                                | Action                                                                                                     |
+-----------------------------+------------+--------------------------------------------------------+------------------------------------------------------------------------------------------------------------+
| Design implementation state | High       | Design is routed                                       |                                                                                                            |
| Clock nodes activity        | High       | User specified more than 95% of clocks                 |                                                                                                            |
| I/O nodes activity          | Low        | More than 75% of inputs are missing user specification | Provide missing input activity with simulation results or by editing the "By Resource Type -> I/Os" view   |
| Internal nodes activity     | Medium     | User specified less than 25% of internal nodes         | Provide missing internal nodes activity with simulation results or by editing the "By Resource Type" views |
| Device models               | High       | Device models are Production                           |                                                                                                            |
|                             |            |                                                        |                                                                                                            |
| Overall confidence level    | Low        |                                                        |                                                                                                            |
+-----------------------------+------------+--------------------------------------------------------+------------------------------------------------------------------------------------------------------------+


2. Settings
-----------

2.1 Environment
---------------

+-----------------------+--------------------------+
| Ambient Temp (C)      | 25.0                     |
| ThetaJA (C/W)         | 2.7                      |
| Airflow (LFM)         | 250                      |
| Heat Sink             | medium (Medium Profile)  |
| ThetaSA (C/W)         | 4.6                      |
| Board Selection       | medium (10"x10")         |
| # of Board Layers     | 12to15 (12 to 15 Layers) |
| Board Temperature (C) | 25.0                     |
+-----------------------+--------------------------+


2.2 Clock Constraints
---------------------

+---------------------+-----------------------------------------------------------------------------------------------------+-----------------+
| Clock               | Domain                                                                                              | Constraint (ns) |
+---------------------+-----------------------------------------------------------------------------------------------------+-----------------+
| clk_125mhz_mux_x0y0 | u_pcie_ep/inst/inst/gt_top_i/pipe_wrapper_i/pipe_clock_int.pipe_clock_i/CLK                         |             4.0 |
| clk_125mhz_x0y0     | u_pcie_ep/inst/inst/gt_top_i/pipe_wrapper_i/pipe_clock_int.pipe_clock_i/clk_125mhz                  |             8.0 |
| clk_24m             | clk_24m                                                                                             |            41.7 |
| clk_250mhz_mux_x0y0 | u_pcie_ep/inst/inst/gt_top_i/pipe_wrapper_i/pipe_clock_int.pipe_clock_i/CLK                         |             4.0 |
| clk_250mhz_x0y0     | u_pcie_ep/inst/inst/gt_top_i/pipe_wrapper_i/pipe_clock_int.pipe_clock_i/clk_250mhz                  |             4.0 |
| mmcm_fb             | u_pcie_ep/inst/inst/gt_top_i/pipe_wrapper_i/pipe_clock_int.pipe_clock_i/mmcm_fb                     |            10.0 |
| mmcm_fb_1           | mmcm_fb                                                                                             |            16.0 |
| pcie_sys_clk        | pcie_clk_p                                                                                          |            10.0 |
| txoutclk_x0y0       | u_pcie_ep/inst/inst/gt_top_i/pipe_wrapper_i/pipe_lane[0].gt_wrapper_i/gtp_channel.gtpe2_channel_i_6 |            10.0 |
| userclk1            | u_pcie_ep/inst/inst/gt_top_i/pipe_wrapper_i/pipe_clock_int.pipe_clock_i/userclk1                    |            16.0 |
+---------------------+-----------------------------------------------------------------------------------------------------+-----------------+


3. Detailed Reports
-------------------

3.1 By Hierarchy
----------------

+--------------+-----------+
| Name         | Power (W) |
+--------------+-----------+
| hda_pcie_top |     0.463 |
|   u_bar0_sim |     0.007 |
|   u_pcie_ep  |     0.349 |
|     inst     |     0.349 |
|       inst   |     0.349 |
+--------------+-----------+


