Copyright 1986-2022 Xilinx, Inc. All Rights Reserved.
------------------------------------------------------------------------------------------
| Tool Version : Vivado v.2022.2 (win64) Build 3671981 Fri Oct 14 05:00:03 MDT 2022
| Date         : Thu Mar 12 19:45:13 2026
| Host         : DUKEHHU-PC0 running 64-bit major release  (build 9200)
| Command      : report_control_sets -verbose -file i211_pcie_top_control_sets_placed.rpt
| Design       : i211_pcie_top
| Device       : xc7a75t
------------------------------------------------------------------------------------------

Control Set Information

Table of Contents
-----------------
1. Summary
2. Histogram
3. Flip-Flop Distribution
4. Detailed Control Set Information

1. Summary
----------

+----------------------------------------------------------+-------+
|                          Status                          | Count |
+----------------------------------------------------------+-------+
| Total control sets                                       |   138 |
|    Minimum number of control sets                        |   138 |
|    Addition due to synthesis replication                 |     0 |
|    Addition due to physical synthesis replication        |     0 |
| Unused register locations in slices containing registers |   118 |
+----------------------------------------------------------+-------+
* Control sets can be merged at opt_design using control_set_merge or merge_equivalent_drivers
** Run report_qor_suggestions for automated merging and remapping suggestions


2. Histogram
------------

+--------------------+-------+
|       Fanout       | Count |
+--------------------+-------+
| Total control sets |   138 |
| >= 0 to < 4        |     5 |
| >= 4 to < 6        |     3 |
| >= 6 to < 8        |     5 |
| >= 8 to < 10       |   101 |
| >= 10 to < 12      |     0 |
| >= 12 to < 14      |     0 |
| >= 14 to < 16      |     2 |
| >= 16              |    22 |
+--------------------+-------+
* Control sets can be remapped at either synth_design or opt_design


3. Flip-Flop Distribution
-------------------------

+--------------+-----------------------+------------------------+-----------------+--------------+
| Clock Enable | Synchronous Set/Reset | Asynchronous Set/Reset | Total Registers | Total Slices |
+--------------+-----------------------+------------------------+-----------------+--------------+
| No           | No                    | No                     |              41 |           18 |
| No           | No                    | Yes                    |              11 |            6 |
| No           | Yes                   | No                     |             506 |          139 |
| Yes          | No                    | No                     |              15 |            6 |
| Yes          | No                    | Yes                    |               0 |            0 |
| Yes          | Yes                   | No                     |            1317 |          539 |
+--------------+-----------------------+------------------------+-----------------+--------------+


4. Detailed Control Set Information
-----------------------------------

+-----------------------------------------------------------------------------------------------+----------------------------------------------------------------------------------------------------------------------------------------------+---------------------------------------------------------------------------------------------------------+------------------+----------------+--------------+
|                                          Clock Signal                                         |                                                                 Enable Signal                                                                |                                             Set/Reset Signal                                            | Slice Load Count | Bel Load Count | Bels / Slice |
+-----------------------------------------------------------------------------------------------+----------------------------------------------------------------------------------------------------------------------------------------------+---------------------------------------------------------------------------------------------------------+------------------+----------------+--------------+
|  u_pcie_ep/inst/inst/gt_top_i/pipe_wrapper_i/pipe_clock_int.pipe_clock_i/user_clk             | u_pcie_ep/inst/inst/pcie_top_i/axi_basic_top/rx_inst/rx_pipeline_inst/m_axis_rx_tuser[21]_i_1_n_0                                            |                                                                                                         |                1 |              1 |         1.00 |
|  u_pcie_ep/inst/inst/gt_top_i/pipe_wrapper_i/pipe_clock_int.pipe_clock_i/dclk_i_bufg.dclk_i_0 |                                                                                                                                              |                                                                                                         |                1 |              2 |         2.00 |
|  u_pcie_ep/inst/inst/gt_top_i/pipe_wrapper_i/pipe_clock_int.pipe_clock_i/CLK                  |                                                                                                                                              | u_pcie_ep/inst/inst/gt_top_i/pipe_wrapper_i/p_0_in_0                                                    |                1 |              2 |         2.00 |
|  u_pcie_ep/inst/inst/gt_top_i/pipe_wrapper_i/pipe_clock_int.pipe_clock_i/user_clk             |                                                                                                                                              | u_pcie_ep/inst/inst/sys_or_hot_rst                                                                      |                1 |              2 |         2.00 |
|  u_pcie_ep/inst/inst/gt_top_i/pipe_wrapper_i/pipe_clock_int.pipe_clock_i/user_clk             |                                                                                                                                              | u_pcie_ep/inst/inst/gt_top_i/pipe_wrapper_i/p_0_in_0                                                    |                1 |              3 |         3.00 |
|  u_pcie_ep/inst/inst/gt_top_i/pipe_wrapper_i/pipe_clock_int.pipe_clock_i/user_clk             | u_bar0_sim/FSM_sequential_state_reg[3]_i_1_n_0                                                                                               | u_pcie_ep/inst/inst/user_reset_out                                                                      |                3 |              4 |         1.33 |
|  u_pcie_ep/inst/inst/gt_top_i/pipe_wrapper_i/pipe_clock_int.pipe_clock_i/dclk_i_bufg.dclk_i_0 | u_pcie_ep/inst/inst/gt_top_i/pipe_wrapper_i/pipe_lane[0].gtp_pipe_drp.gtp_pipe_drp_i/index[4]_i_1_n_0                                        | u_pcie_ep/inst/inst/gt_top_i/pipe_wrapper_i/gtp_pipe_reset.gtp_pipe_reset_i/SR[0]                       |                2 |              5 |         2.50 |
|  u_pcie_ep/inst/inst/gt_top_i/pipe_wrapper_i/pipe_clock_int.pipe_clock_i/CLK                  | u_pcie_ep/inst/inst/gt_top_i/gt_rx_valid_filter[0].GT_RX_VALID_FILTER_7x_inst/reg_state_eios_det[4]_i_1_n_0                                  | u_pcie_ep/inst/inst/gt_top_i/phy_rdy_n                                                                  |                2 |              5 |         2.50 |
|  u_pcie_ep/inst/inst/gt_top_i/pipe_wrapper_i/pipe_clock_int.pipe_clock_i/dclk_i_bufg.dclk_i_0 | u_pcie_ep/inst/inst/gt_top_i/pipe_wrapper_i/pipe_lane[0].pipe_quad.gt_common_enabled.gt_common_int.gt_common_i/qpll_drp_i/crscode[5]_i_1_n_0 | u_pcie_ep/inst/inst/gt_top_i/pipe_wrapper_i/gtp_pipe_reset.gtp_pipe_reset_i/SR[0]                       |                2 |              6 |         3.00 |
|  u_pcie_ep/inst/inst/gt_top_i/pipe_wrapper_i/pipe_clock_int.pipe_clock_i/user_clk             | u_bar0_sim/reg_eerd[7]_i_1_n_0                                                                                                               | u_pcie_ep/inst/inst/user_reset_out                                                                      |                1 |              6 |         6.00 |
|  u_pcie_ep/inst/inst/gt_top_i/pipe_wrapper_i/pipe_clock_int.pipe_clock_i/user_clk             | u_bar0_sim/reg_ctrl[31]                                                                                                                      | u_pcie_ep/inst/inst/user_reset_out                                                                      |                5 |              7 |         1.40 |
|  u_pcie_ep/inst/inst/gt_top_i/pipe_wrapper_i/pipe_clock_int.pipe_clock_i/CLK                  |                                                                                                                                              | u_pcie_ep/inst/inst/gt_top_i/pipe_wrapper_i/pipe_clock_int.pipe_clock_i/mmcm_i_1                        |                4 |              7 |         1.75 |
|  u_pcie_ep/inst/inst/gt_top_i/pipe_wrapper_i/pipe_clock_int.pipe_clock_i/CLK                  | u_pcie_ep/inst/inst/gt_top_i/pipe_wrapper_i/pipe_lane[0].pipe_user_i/resetovrd.reset[7]_i_2_n_0                                              | u_pcie_ep/inst/inst/gt_top_i/pipe_wrapper_i/pipe_lane[0].pipe_user_i/resetovrd.reset[7]_i_1_n_0         |                2 |              7 |         3.50 |
|  u_pcie_ep/inst/inst/gt_top_i/pipe_wrapper_i/pipe_clock_int.pipe_clock_i/user_clk             | u_bar0_sim/reg_tdbah0[15]                                                                                                                    | u_pcie_ep/inst/inst/user_reset_out                                                                      |                6 |              8 |         1.33 |
|  u_pcie_ep/inst/inst/gt_top_i/pipe_wrapper_i/pipe_clock_int.pipe_clock_i/CLK                  |                                                                                                                                              | u_pcie_ep/inst/inst/gt_top_i/pipe_wrapper_i/pipe_lane[0].pipe_user_i/resetovrd.reset_cnt[7]_i_1_n_0     |                3 |              8 |         2.67 |
|  u_pcie_ep/inst/inst/gt_top_i/pipe_wrapper_i/pipe_clock_int.pipe_clock_i/user_clk             | u_bar0_sim/reg_rdt0[31]                                                                                                                      | u_pcie_ep/inst/inst/user_reset_out                                                                      |                3 |              8 |         2.67 |
|  u_pcie_ep/inst/inst/gt_top_i/pipe_wrapper_i/pipe_clock_int.pipe_clock_i/user_clk             | u_bar0_sim/reg_sw_fw_sync[15]                                                                                                                | u_pcie_ep/inst/inst/user_reset_out                                                                      |                5 |              8 |         1.60 |
|  u_pcie_ep/inst/inst/gt_top_i/pipe_wrapper_i/pipe_clock_int.pipe_clock_i/user_clk             | u_bar0_sim/reg_rdbal0[15]                                                                                                                    | u_pcie_ep/inst/inst/user_reset_out                                                                      |                6 |              8 |         1.33 |
|  u_pcie_ep/inst/inst/gt_top_i/pipe_wrapper_i/pipe_clock_int.pipe_clock_i/user_clk             | u_bar0_sim/reg_tctl[7]                                                                                                                       | u_pcie_ep/inst/inst/user_reset_out                                                                      |                6 |              8 |         1.33 |
|  u_pcie_ep/inst/inst/gt_top_i/pipe_wrapper_i/pipe_clock_int.pipe_clock_i/user_clk             | u_bar0_sim/reg_rdh0[31]                                                                                                                      | u_pcie_ep/inst/inst/user_reset_out                                                                      |                2 |              8 |         4.00 |
|  u_pcie_ep/inst/inst/gt_top_i/pipe_wrapper_i/pipe_clock_int.pipe_clock_i/user_clk             | u_bar0_sim/reg_tctl[23]                                                                                                                      | u_pcie_ep/inst/inst/user_reset_out                                                                      |                7 |              8 |         1.14 |
|  u_pcie_ep/inst/inst/gt_top_i/pipe_wrapper_i/pipe_clock_int.pipe_clock_i/user_clk             | u_bar0_sim/reg_rdh0[7]                                                                                                                       | u_pcie_ep/inst/inst/user_reset_out                                                                      |                3 |              8 |         2.67 |
|  u_pcie_ep/inst/inst/gt_top_i/pipe_wrapper_i/pipe_clock_int.pipe_clock_i/user_clk             | u_bar0_sim/reg_tdbah0[7]                                                                                                                     | u_pcie_ep/inst/inst/user_reset_out                                                                      |                4 |              8 |         2.00 |
|  u_pcie_ep/inst/inst/gt_top_i/pipe_wrapper_i/pipe_clock_int.pipe_clock_i/user_clk             | u_bar0_sim/reg_fcal[15]                                                                                                                      | u_pcie_ep/inst/inst/user_reset_out                                                                      |                6 |              8 |         1.33 |
|  u_pcie_ep/inst/inst/gt_top_i/pipe_wrapper_i/pipe_clock_int.pipe_clock_i/user_clk             | u_bar0_sim/eerd_delay_cnt[7]_i_1_n_0                                                                                                         | u_pcie_ep/inst/inst/user_reset_out                                                                      |                3 |              8 |         2.67 |
|  u_pcie_ep/inst/inst/gt_top_i/pipe_wrapper_i/pipe_clock_int.pipe_clock_i/user_clk             | u_bar0_sim/reg_eerd[15]_i_1_n_0                                                                                                              | u_pcie_ep/inst/inst/user_reset_out                                                                      |                3 |              8 |         2.67 |
|  u_pcie_ep/inst/inst/gt_top_i/pipe_wrapper_i/pipe_clock_int.pipe_clock_i/user_clk             | u_bar0_sim/reg_eecd[31]                                                                                                                      | u_pcie_ep/inst/inst/user_reset_out                                                                      |                4 |              8 |         2.00 |
|  u_pcie_ep/inst/inst/gt_top_i/pipe_wrapper_i/pipe_clock_int.pipe_clock_i/user_clk             | u_bar0_sim/reg_fcah[23]                                                                                                                      | u_pcie_ep/inst/inst/user_reset_out                                                                      |                1 |              8 |         8.00 |
|  u_pcie_ep/inst/inst/gt_top_i/pipe_wrapper_i/pipe_clock_int.pipe_clock_i/user_clk             | u_bar0_sim/reg_ctrl_ext[15]                                                                                                                  | u_pcie_ep/inst/inst/user_reset_out                                                                      |                4 |              8 |         2.00 |
|  u_pcie_ep/inst/inst/gt_top_i/pipe_wrapper_i/pipe_clock_int.pipe_clock_i/user_clk             | u_bar0_sim/reg_ctrl_ext[7]                                                                                                                   | u_pcie_ep/inst/inst/user_reset_out                                                                      |                6 |              8 |         1.33 |
|  u_pcie_ep/inst/inst/gt_top_i/pipe_wrapper_i/pipe_clock_int.pipe_clock_i/user_clk             | u_bar0_sim/reg_eecd[15]                                                                                                                      | u_pcie_ep/inst/inst/user_reset_out                                                                      |                2 |              8 |         4.00 |
|  u_pcie_ep/inst/inst/gt_top_i/pipe_wrapper_i/pipe_clock_int.pipe_clock_i/user_clk             | u_bar0_sim/reg_fcah[15]                                                                                                                      | u_pcie_ep/inst/inst/user_reset_out                                                                      |                4 |              8 |         2.00 |
|  u_pcie_ep/inst/inst/gt_top_i/pipe_wrapper_i/pipe_clock_int.pipe_clock_i/user_clk             | u_bar0_sim/reg_fcah[31]                                                                                                                      | u_pcie_ep/inst/inst/user_reset_out                                                                      |                4 |              8 |         2.00 |
|  u_pcie_ep/inst/inst/gt_top_i/pipe_wrapper_i/pipe_clock_int.pipe_clock_i/user_clk             | u_bar0_sim/reg_fcal[23]                                                                                                                      | u_pcie_ep/inst/inst/user_reset_out                                                                      |                4 |              8 |         2.00 |
|  u_pcie_ep/inst/inst/gt_top_i/pipe_wrapper_i/pipe_clock_int.pipe_clock_i/user_clk             | u_bar0_sim/reg_fcal[7]                                                                                                                       | u_pcie_ep/inst/inst/user_reset_out                                                                      |                2 |              8 |         4.00 |
|  u_pcie_ep/inst/inst/gt_top_i/pipe_wrapper_i/pipe_clock_int.pipe_clock_i/user_clk             | u_bar0_sim/reg_fcal[31]                                                                                                                      | u_pcie_ep/inst/inst/user_reset_out                                                                      |                6 |              8 |         1.33 |
|  u_pcie_ep/inst/inst/gt_top_i/pipe_wrapper_i/pipe_clock_int.pipe_clock_i/user_clk             | u_bar0_sim/reg_fct[7]                                                                                                                        | u_pcie_ep/inst/inst/user_reset_out                                                                      |                2 |              8 |         4.00 |
|  u_pcie_ep/inst/inst/gt_top_i/pipe_wrapper_i/pipe_clock_int.pipe_clock_i/user_clk             | u_bar0_sim/reg_fct[15]                                                                                                                       | u_pcie_ep/inst/inst/user_reset_out                                                                      |                5 |              8 |         1.60 |
|  u_pcie_ep/inst/inst/gt_top_i/pipe_wrapper_i/pipe_clock_int.pipe_clock_i/user_clk             | u_bar0_sim/reg_eecd[23]                                                                                                                      | u_pcie_ep/inst/inst/user_reset_out                                                                      |                3 |              8 |         2.67 |
|  u_pcie_ep/inst/inst/gt_top_i/pipe_wrapper_i/pipe_clock_int.pipe_clock_i/user_clk             | u_bar0_sim/reg_ctrl[15]                                                                                                                      | u_pcie_ep/inst/inst/user_reset_out                                                                      |                3 |              8 |         2.67 |
|  u_pcie_ep/inst/inst/gt_top_i/pipe_wrapper_i/pipe_clock_int.pipe_clock_i/user_clk             | u_bar0_sim/reg_ctrl_ext[23]                                                                                                                  | u_pcie_ep/inst/inst/user_reset_out                                                                      |                7 |              8 |         1.14 |
|  u_pcie_ep/inst/inst/gt_top_i/pipe_wrapper_i/pipe_clock_int.pipe_clock_i/user_clk             | u_bar0_sim/reg_fcah[7]                                                                                                                       | u_pcie_ep/inst/inst/user_reset_out                                                                      |                7 |              8 |         1.14 |
|  u_pcie_ep/inst/inst/gt_top_i/pipe_wrapper_i/pipe_clock_int.pipe_clock_i/user_clk             | u_bar0_sim/reg_ctrl[7]                                                                                                                       | u_pcie_ep/inst/inst/user_reset_out                                                                      |                2 |              8 |         4.00 |
|  u_pcie_ep/inst/inst/gt_top_i/pipe_wrapper_i/pipe_clock_int.pipe_clock_i/user_clk             | u_bar0_sim/reg_ctrl[23]                                                                                                                      | u_pcie_ep/inst/inst/user_reset_out                                                                      |                6 |              8 |         1.33 |
|  u_pcie_ep/inst/inst/gt_top_i/pipe_wrapper_i/pipe_clock_int.pipe_clock_i/user_clk             | u_bar0_sim/reg_ctrl_ext[31]                                                                                                                  | u_pcie_ep/inst/inst/user_reset_out                                                                      |                4 |              8 |         2.00 |
|  u_pcie_ep/inst/inst/gt_top_i/pipe_wrapper_i/pipe_clock_int.pipe_clock_i/user_clk             | u_bar0_sim/reg_eecd[7]                                                                                                                       | u_pcie_ep/inst/inst/user_reset_out                                                                      |                3 |              8 |         2.67 |
|  u_pcie_ep/inst/inst/gt_top_i/pipe_wrapper_i/pipe_clock_int.pipe_clock_i/user_clk             | u_bar0_sim/reg_ims[31]                                                                                                                       | u_pcie_ep/inst/inst/user_reset_out                                                                      |                3 |              8 |         2.67 |
|  u_pcie_ep/inst/inst/gt_top_i/pipe_wrapper_i/pipe_clock_int.pipe_clock_i/user_clk             | u_bar0_sim/reg_ims[23]                                                                                                                       | u_pcie_ep/inst/inst/user_reset_out                                                                      |                1 |              8 |         8.00 |
|  u_pcie_ep/inst/inst/gt_top_i/pipe_wrapper_i/pipe_clock_int.pipe_clock_i/user_clk             | u_bar0_sim/reg_fcttv[15]                                                                                                                     | u_pcie_ep/inst/inst/user_reset_out                                                                      |                1 |              8 |         8.00 |
|  u_pcie_ep/inst/inst/gt_top_i/pipe_wrapper_i/pipe_clock_int.pipe_clock_i/user_clk             | u_bar0_sim/reg_ims[15]                                                                                                                       | u_pcie_ep/inst/inst/user_reset_out                                                                      |                2 |              8 |         4.00 |
|  u_pcie_ep/inst/inst/gt_top_i/pipe_wrapper_i/pipe_clock_int.pipe_clock_i/user_clk             | u_bar0_sim/reg_ral0[7]                                                                                                                       | u_pcie_ep/inst/inst/user_reset_out                                                                      |                3 |              8 |         2.67 |
|  u_pcie_ep/inst/inst/gt_top_i/pipe_wrapper_i/pipe_clock_int.pipe_clock_i/user_clk             | u_bar0_sim/reg_rah0[23]                                                                                                                      | u_pcie_ep/inst/inst/user_reset_out                                                                      |                2 |              8 |         4.00 |
|  u_pcie_ep/inst/inst/gt_top_i/pipe_wrapper_i/pipe_clock_int.pipe_clock_i/user_clk             | u_bar0_sim/reg_fwsm[15]                                                                                                                      | u_pcie_ep/inst/inst/user_reset_out                                                                      |                4 |              8 |         2.00 |
|  u_pcie_ep/inst/inst/gt_top_i/pipe_wrapper_i/pipe_clock_int.pipe_clock_i/user_clk             | u_bar0_sim/reg_fwsm[7]                                                                                                                       | u_pcie_ep/inst/inst/user_reset_out                                                                      |                3 |              8 |         2.67 |
|  u_pcie_ep/inst/inst/gt_top_i/pipe_wrapper_i/pipe_clock_int.pipe_clock_i/user_clk             | u_bar0_sim/reg_rah0[15]                                                                                                                      | u_pcie_ep/inst/inst/user_reset_out                                                                      |                2 |              8 |         4.00 |
|  u_pcie_ep/inst/inst/gt_top_i/pipe_wrapper_i/pipe_clock_int.pipe_clock_i/user_clk             | u_bar0_sim/reg_rah0[31]                                                                                                                      | u_pcie_ep/inst/inst/user_reset_out                                                                      |                3 |              8 |         2.67 |
|  u_pcie_ep/inst/inst/gt_top_i/pipe_wrapper_i/pipe_clock_int.pipe_clock_i/user_clk             | u_bar0_sim/reg_icr[7]                                                                                                                        | u_pcie_ep/inst/inst/user_reset_out                                                                      |                3 |              8 |         2.67 |
|  u_pcie_ep/inst/inst/gt_top_i/pipe_wrapper_i/pipe_clock_int.pipe_clock_i/user_clk             | u_bar0_sim/reg_rah0[7]                                                                                                                       | u_pcie_ep/inst/inst/user_reset_out                                                                      |                3 |              8 |         2.67 |
|  u_pcie_ep/inst/inst/gt_top_i/pipe_wrapper_i/pipe_clock_int.pipe_clock_i/user_clk             | u_bar0_sim/reg_ral0[23]                                                                                                                      | u_pcie_ep/inst/inst/user_reset_out                                                                      |                2 |              8 |         4.00 |
|  u_pcie_ep/inst/inst/gt_top_i/pipe_wrapper_i/pipe_clock_int.pipe_clock_i/user_clk             | u_bar0_sim/reg_ral0[31]                                                                                                                      | u_pcie_ep/inst/inst/user_reset_out                                                                      |                3 |              8 |         2.67 |
|  u_pcie_ep/inst/inst/gt_top_i/pipe_wrapper_i/pipe_clock_int.pipe_clock_i/user_clk             | u_bar0_sim/reg_rctl[31]                                                                                                                      | u_pcie_ep/inst/inst/user_reset_out                                                                      |                3 |              8 |         2.67 |
|  u_pcie_ep/inst/inst/gt_top_i/pipe_wrapper_i/pipe_clock_int.pipe_clock_i/user_clk             | u_bar0_sim/reg_rdbah0[15]                                                                                                                    | u_pcie_ep/inst/inst/user_reset_out                                                                      |                2 |              8 |         4.00 |
|  u_pcie_ep/inst/inst/gt_top_i/pipe_wrapper_i/pipe_clock_int.pipe_clock_i/user_clk             | u_bar0_sim/reg_rdbah0[23]                                                                                                                    | u_pcie_ep/inst/inst/user_reset_out                                                                      |                2 |              8 |         4.00 |
|  u_pcie_ep/inst/inst/gt_top_i/pipe_wrapper_i/pipe_clock_int.pipe_clock_i/user_clk             | u_bar0_sim/reg_fwsm[31]                                                                                                                      | u_pcie_ep/inst/inst/user_reset_out                                                                      |                4 |              8 |         2.00 |
|  u_pcie_ep/inst/inst/gt_top_i/pipe_wrapper_i/pipe_clock_int.pipe_clock_i/user_clk             | u_bar0_sim/reg_itr[15]                                                                                                                       | u_pcie_ep/inst/inst/user_reset_out                                                                      |                6 |              8 |         1.33 |
|  u_pcie_ep/inst/inst/gt_top_i/pipe_wrapper_i/pipe_clock_int.pipe_clock_i/user_clk             | u_bar0_sim/reg_fwsm[23]                                                                                                                      | u_pcie_ep/inst/inst/user_reset_out                                                                      |                2 |              8 |         4.00 |
|  u_pcie_ep/inst/inst/gt_top_i/pipe_wrapper_i/pipe_clock_int.pipe_clock_i/user_clk             | u_bar0_sim/reg_fcttv[7]                                                                                                                      | u_pcie_ep/inst/inst/user_reset_out                                                                      |                6 |              8 |         1.33 |
|  u_pcie_ep/inst/inst/gt_top_i/pipe_wrapper_i/pipe_clock_int.pipe_clock_i/user_clk             | u_bar0_sim/reg_ral0[15]                                                                                                                      | u_pcie_ep/inst/inst/user_reset_out                                                                      |                5 |              8 |         1.60 |
|  u_pcie_ep/inst/inst/gt_top_i/pipe_wrapper_i/pipe_clock_int.pipe_clock_i/user_clk             | u_bar0_sim/reg_rctl[7]                                                                                                                       | u_pcie_ep/inst/inst/user_reset_out                                                                      |                3 |              8 |         2.67 |
|  u_pcie_ep/inst/inst/gt_top_i/pipe_wrapper_i/pipe_clock_int.pipe_clock_i/user_clk             | u_bar0_sim/reg_rctl[23]                                                                                                                      | u_pcie_ep/inst/inst/user_reset_out                                                                      |                2 |              8 |         4.00 |
|  u_pcie_ep/inst/inst/gt_top_i/pipe_wrapper_i/pipe_clock_int.pipe_clock_i/user_clk             | u_bar0_sim/reg_rdbah0[7]                                                                                                                     | u_pcie_ep/inst/inst/user_reset_out                                                                      |                1 |              8 |         8.00 |
|  u_pcie_ep/inst/inst/gt_top_i/pipe_wrapper_i/pipe_clock_int.pipe_clock_i/user_clk             | u_bar0_sim/reg_icr[31]                                                                                                                       | u_pcie_ep/inst/inst/user_reset_out                                                                      |                3 |              8 |         2.67 |
|  u_pcie_ep/inst/inst/gt_top_i/pipe_wrapper_i/pipe_clock_int.pipe_clock_i/user_clk             | u_bar0_sim/reg_ims[7]                                                                                                                        | u_pcie_ep/inst/inst/user_reset_out                                                                      |                2 |              8 |         4.00 |
|  u_pcie_ep/inst/inst/gt_top_i/pipe_wrapper_i/pipe_clock_int.pipe_clock_i/user_clk             | u_bar0_sim/reg_rctl[15]                                                                                                                      | u_pcie_ep/inst/inst/user_reset_out                                                                      |                7 |              8 |         1.14 |
|  u_pcie_ep/inst/inst/gt_top_i/pipe_wrapper_i/pipe_clock_int.pipe_clock_i/user_clk             | u_bar0_sim/reg_rdbah0[31]                                                                                                                    | u_pcie_ep/inst/inst/user_reset_out                                                                      |                1 |              8 |         8.00 |
|  u_pcie_ep/inst/inst/gt_top_i/pipe_wrapper_i/pipe_clock_int.pipe_clock_i/user_clk             | u_bar0_sim/reg_rdbal0[7]                                                                                                                     | u_pcie_ep/inst/inst/user_reset_out                                                                      |                4 |              8 |         2.00 |
|  u_pcie_ep/inst/inst/gt_top_i/pipe_wrapper_i/pipe_clock_int.pipe_clock_i/user_clk             | u_bar0_sim/reg_itr[7]                                                                                                                        | u_pcie_ep/inst/inst/user_reset_out                                                                      |                7 |              8 |         1.14 |
|  u_pcie_ep/inst/inst/gt_top_i/pipe_wrapper_i/pipe_clock_int.pipe_clock_i/user_clk             | u_bar0_sim/reg_icr[23]                                                                                                                       | u_pcie_ep/inst/inst/user_reset_out                                                                      |                1 |              8 |         8.00 |
|  u_pcie_ep/inst/inst/gt_top_i/pipe_wrapper_i/pipe_clock_int.pipe_clock_i/user_clk             | u_bar0_sim/reg_icr[15]                                                                                                                       | u_pcie_ep/inst/inst/user_reset_out                                                                      |                3 |              8 |         2.67 |
|  u_pcie_ep/inst/inst/gt_top_i/pipe_wrapper_i/pipe_clock_int.pipe_clock_i/user_clk             | u_bar0_sim/reg_rdh0[23]                                                                                                                      | u_pcie_ep/inst/inst/user_reset_out                                                                      |                7 |              8 |         1.14 |
|  u_pcie_ep/inst/inst/gt_top_i/pipe_wrapper_i/pipe_clock_int.pipe_clock_i/user_clk             | u_bar0_sim/reg_tdbah0[23]                                                                                                                    | u_pcie_ep/inst/inst/user_reset_out                                                                      |                3 |              8 |         2.67 |
|  u_pcie_ep/inst/inst/gt_top_i/pipe_wrapper_i/pipe_clock_int.pipe_clock_i/user_clk             | u_bar0_sim/reg_tdbal0[15]                                                                                                                    | u_pcie_ep/inst/inst/user_reset_out                                                                      |                5 |              8 |         1.60 |
|  u_pcie_ep/inst/inst/gt_top_i/pipe_wrapper_i/pipe_clock_int.pipe_clock_i/user_clk             | u_bar0_sim/reg_tdbal0[23]                                                                                                                    | u_pcie_ep/inst/inst/user_reset_out                                                                      |                6 |              8 |         1.33 |
|  u_pcie_ep/inst/inst/gt_top_i/pipe_wrapper_i/pipe_clock_int.pipe_clock_i/user_clk             | u_bar0_sim/reg_tdh0[15]                                                                                                                      | u_pcie_ep/inst/inst/user_reset_out                                                                      |                3 |              8 |         2.67 |
|  u_pcie_ep/inst/inst/gt_top_i/pipe_wrapper_i/pipe_clock_int.pipe_clock_i/user_clk             | u_bar0_sim/reg_tdlen0[7]                                                                                                                     | u_pcie_ep/inst/inst/user_reset_out                                                                      |                6 |              8 |         1.33 |
|  u_pcie_ep/inst/inst/gt_top_i/pipe_wrapper_i/pipe_clock_int.pipe_clock_i/user_clk             | u_bar0_sim/reg_rdlen0[7]                                                                                                                     | u_pcie_ep/inst/inst/user_reset_out                                                                      |                2 |              8 |         4.00 |
|  u_pcie_ep/inst/inst/gt_top_i/pipe_wrapper_i/pipe_clock_int.pipe_clock_i/user_clk             | u_bar0_sim/reg_tdlen0[23]                                                                                                                    | u_pcie_ep/inst/inst/user_reset_out                                                                      |                7 |              8 |         1.14 |
|  u_pcie_ep/inst/inst/gt_top_i/pipe_wrapper_i/pipe_clock_int.pipe_clock_i/user_clk             | u_bar0_sim/reg_tctl[31]                                                                                                                      | u_pcie_ep/inst/inst/user_reset_out                                                                      |                5 |              8 |         1.60 |
|  u_pcie_ep/inst/inst/gt_top_i/pipe_wrapper_i/pipe_clock_int.pipe_clock_i/user_clk             | u_bar0_sim/reg_tdbah0[31]                                                                                                                    | u_pcie_ep/inst/inst/user_reset_out                                                                      |                1 |              8 |         8.00 |
|  u_pcie_ep/inst/inst/gt_top_i/pipe_wrapper_i/pipe_clock_int.pipe_clock_i/user_clk             | u_bar0_sim/reg_tdlen0[31]                                                                                                                    | u_pcie_ep/inst/inst/user_reset_out                                                                      |                6 |              8 |         1.33 |
|  u_pcie_ep/inst/inst/gt_top_i/pipe_wrapper_i/pipe_clock_int.pipe_clock_i/user_clk             | u_bar0_sim/reg_tdt0[23]                                                                                                                      | u_pcie_ep/inst/inst/user_reset_out                                                                      |                7 |              8 |         1.14 |
|  u_pcie_ep/inst/inst/gt_top_i/pipe_wrapper_i/pipe_clock_int.pipe_clock_i/user_clk             | u_bar0_sim/reg_tdt0[31]                                                                                                                      | u_pcie_ep/inst/inst/user_reset_out                                                                      |                7 |              8 |         1.14 |
|  u_pcie_ep/inst/inst/gt_top_i/pipe_wrapper_i/pipe_clock_int.pipe_clock_i/user_clk             | u_bar0_sim/reg_tdt0[7]                                                                                                                       | u_pcie_ep/inst/inst/user_reset_out                                                                      |                3 |              8 |         2.67 |
|  u_pcie_ep/inst/inst/gt_top_i/pipe_wrapper_i/pipe_clock_int.pipe_clock_i/user_clk             | u_bar0_sim/reg_tdlen0[15]                                                                                                                    | u_pcie_ep/inst/inst/user_reset_out                                                                      |                5 |              8 |         1.60 |
|  u_pcie_ep/inst/inst/gt_top_i/pipe_wrapper_i/pipe_clock_int.pipe_clock_i/user_clk             | u_bar0_sim/reg_tdbal0[31]                                                                                                                    | u_pcie_ep/inst/inst/user_reset_out                                                                      |                4 |              8 |         2.00 |
|  u_pcie_ep/inst/inst/gt_top_i/pipe_wrapper_i/pipe_clock_int.pipe_clock_i/user_clk             | u_bar0_sim/reg_tdh0[7]                                                                                                                       | u_pcie_ep/inst/inst/user_reset_out                                                                      |                4 |              8 |         2.00 |
|  u_pcie_ep/inst/inst/gt_top_i/pipe_wrapper_i/pipe_clock_int.pipe_clock_i/user_clk             | u_bar0_sim/reg_sw_fw_sync[31]                                                                                                                | u_pcie_ep/inst/inst/user_reset_out                                                                      |                4 |              8 |         2.00 |
|  u_pcie_ep/inst/inst/gt_top_i/pipe_wrapper_i/pipe_clock_int.pipe_clock_i/user_clk             | u_bar0_sim/reg_rdt0[15]                                                                                                                      | u_pcie_ep/inst/inst/user_reset_out                                                                      |                3 |              8 |         2.67 |
|  u_pcie_ep/inst/inst/gt_top_i/pipe_wrapper_i/pipe_clock_int.pipe_clock_i/user_clk             | u_bar0_sim/reg_rdh0[15]                                                                                                                      | u_pcie_ep/inst/inst/user_reset_out                                                                      |                2 |              8 |         4.00 |
|  u_pcie_ep/inst/inst/gt_top_i/pipe_wrapper_i/pipe_clock_int.pipe_clock_i/user_clk             | u_bar0_sim/reg_tdbal0[7]                                                                                                                     | u_pcie_ep/inst/inst/user_reset_out                                                                      |                4 |              8 |         2.00 |
|  u_pcie_ep/inst/inst/gt_top_i/pipe_wrapper_i/pipe_clock_int.pipe_clock_i/user_clk             | u_bar0_sim/reg_tdh0[31]                                                                                                                      | u_pcie_ep/inst/inst/user_reset_out                                                                      |                4 |              8 |         2.00 |
|  u_pcie_ep/inst/inst/gt_top_i/pipe_wrapper_i/pipe_clock_int.pipe_clock_i/user_clk             | u_bar0_sim/reg_rdt0[7]                                                                                                                       | u_pcie_ep/inst/inst/user_reset_out                                                                      |                3 |              8 |         2.67 |
|  u_pcie_ep/inst/inst/gt_top_i/pipe_wrapper_i/pipe_clock_int.pipe_clock_i/user_clk             | u_bar0_sim/reg_rdt0[23]                                                                                                                      | u_pcie_ep/inst/inst/user_reset_out                                                                      |                7 |              8 |         1.14 |
|  u_pcie_ep/inst/inst/gt_top_i/pipe_wrapper_i/pipe_clock_int.pipe_clock_i/user_clk             | u_bar0_sim/reg_sw_fw_sync[7]                                                                                                                 | u_pcie_ep/inst/inst/user_reset_out                                                                      |                2 |              8 |         4.00 |
|  u_pcie_ep/inst/inst/gt_top_i/pipe_wrapper_i/pipe_clock_int.pipe_clock_i/user_clk             | u_bar0_sim/reg_rdbal0[23]                                                                                                                    | u_pcie_ep/inst/inst/user_reset_out                                                                      |                3 |              8 |         2.67 |
|  u_pcie_ep/inst/inst/gt_top_i/pipe_wrapper_i/pipe_clock_int.pipe_clock_i/user_clk             | u_bar0_sim/reg_rdlen0[23]                                                                                                                    | u_pcie_ep/inst/inst/user_reset_out                                                                      |                3 |              8 |         2.67 |
|  u_pcie_ep/inst/inst/gt_top_i/pipe_wrapper_i/pipe_clock_int.pipe_clock_i/user_clk             | u_bar0_sim/reg_sw_fw_sync[23]                                                                                                                | u_pcie_ep/inst/inst/user_reset_out                                                                      |                3 |              8 |         2.67 |
|  u_pcie_ep/inst/inst/gt_top_i/pipe_wrapper_i/pipe_clock_int.pipe_clock_i/user_clk             | u_bar0_sim/reg_tdt0[15]                                                                                                                      | u_pcie_ep/inst/inst/user_reset_out                                                                      |                3 |              8 |         2.67 |
|  u_pcie_ep/inst/inst/gt_top_i/pipe_wrapper_i/pipe_clock_int.pipe_clock_i/user_clk             | u_bar0_sim/reg_rdbal0[31]                                                                                                                    | u_pcie_ep/inst/inst/user_reset_out                                                                      |                2 |              8 |         4.00 |
|  u_pcie_ep/inst/inst/gt_top_i/pipe_wrapper_i/pipe_clock_int.pipe_clock_i/user_clk             | u_bar0_sim/reg_rdlen0[31]                                                                                                                    | u_pcie_ep/inst/inst/user_reset_out                                                                      |                4 |              8 |         2.00 |
|  u_pcie_ep/inst/inst/gt_top_i/pipe_wrapper_i/pipe_clock_int.pipe_clock_i/user_clk             | u_bar0_sim/reg_rdlen0[15]                                                                                                                    | u_pcie_ep/inst/inst/user_reset_out                                                                      |                5 |              8 |         1.60 |
|  u_pcie_ep/inst/inst/gt_top_i/pipe_wrapper_i/pipe_clock_int.pipe_clock_i/user_clk             | u_bar0_sim/reg_tdh0[23]                                                                                                                      | u_pcie_ep/inst/inst/user_reset_out                                                                      |                3 |              8 |         2.67 |
|  u_pcie_ep/inst/inst/gt_top_i/pipe_wrapper_i/pipe_clock_int.pipe_clock_i/user_clk             | u_bar0_sim/reg_tctl[15]                                                                                                                      | u_pcie_ep/inst/inst/user_reset_out                                                                      |                7 |              8 |         1.14 |
|  u_pcie_ep/inst/inst/gt_top_i/pipe_wrapper_i/gt_cpllpdrefclk                                  |                                                                                                                                              |                                                                                                         |                2 |              9 |         4.50 |
|  u_pcie_ep/inst/inst/gt_top_i/pipe_wrapper_i/pipe_clock_int.pipe_clock_i/CLK                  | u_pcie_ep/inst/inst/gt_top_i/pipe_wrapper_i/pipe_lane[0].pipe_eq.pipe_eq_i/txeq_preset[17]_i_1_n_0                                           |                                                                                                         |                5 |             14 |         2.80 |
|  u_pcie_ep/inst/inst/gt_top_i/pipe_wrapper_i/pipe_clock_int.pipe_clock_i/user_clk             | u_bar0_sim/lat_addr                                                                                                                          | u_pcie_ep/inst/inst/user_reset_out                                                                      |                8 |             15 |         1.88 |
|  u_pcie_ep/inst/inst/gt_top_i/pipe_wrapper_i/pipe_clock_int.pipe_clock_i/CLK                  |                                                                                                                                              | u_pcie_ep/inst/inst/gt_top_i/pipe_wrapper_i/gtp_pipe_reset.gtp_pipe_reset_i/rxusrclk_rst_reg2_reg_0[0]  |                5 |             16 |         3.20 |
|  u_pcie_ep/inst/inst/gt_top_i/pipe_wrapper_i/pipe_clock_int.pipe_clock_i/dclk_i_bufg.dclk_i_0 |                                                                                                                                              | u_pcie_ep/inst/inst/gt_top_i/pipe_wrapper_i/pipe_lane[0].gtp_pipe_drp.gtp_pipe_drp_i/di_reg[15]_i_1_n_0 |                5 |             16 |         3.20 |
|  u_pcie_ep/inst/inst/gt_top_i/pipe_wrapper_i/pipe_clock_int.pipe_clock_i/user_clk             | u_bar0_sim/E[0]                                                                                                                              | u_tag_rand/lfsr                                                                                         |                4 |             16 |         4.00 |
|  u_pcie_ep/inst/inst/gt_top_i/pipe_wrapper_i/pipe_clock_int.pipe_clock_i/user_clk             | u_bar0_sim/reg_eerd[31]_i_1_n_0                                                                                                              | u_pcie_ep/inst/inst/user_reset_out                                                                      |                7 |             16 |         2.29 |
|  u_pcie_ep/inst/inst/gt_top_i/pipe_wrapper_i/pipe_clock_int.pipe_clock_i/user_clk             | u_pcie_ep/inst/inst/pcie_top_i/pcie_7x_i/E[0]                                                                                                | u_pcie_ep/inst/inst/pcie_top_i/tx_inst/tx_pipeline_inst/reg_disable_trn2                                |                2 |             16 |         8.00 |
|  u_pcie_ep/inst/inst/gt_top_i/pipe_wrapper_i/pipe_clock_int.pipe_clock_i/user_clk             | lfsr_seed_latched0                                                                                                                           | u_pcie_ep/inst/inst/user_reset_out                                                                      |                6 |             17 |         2.83 |
|  u_pcie_ep/inst/inst/gt_top_i/pipe_wrapper_i/pipe_clock_int.pipe_clock_i/CLK                  |                                                                                                                                              |                                                                                                         |                5 |             19 |         3.80 |
|  u_pcie_ep/inst/inst/gt_top_i/pipe_wrapper_i/pipe_clock_int.pipe_clock_i/CLK                  | u_pcie_ep/inst/inst/gt_top_i/pipe_wrapper_i/pipe_lane[0].pipe_eq.pipe_eq_i/txeq_txcoeff                                                      | u_pcie_ep/inst/inst/gt_top_i/pipe_wrapper_i/gtp_pipe_reset.gtp_pipe_reset_i/rst_cpllreset               |                7 |             19 |         2.71 |
|  u_pcie_ep/inst/inst/gt_top_i/pipe_wrapper_i/pipe_clock_int.pipe_clock_i/user_clk             |                                                                                                                                              |                                                                                                         |               10 |             24 |         2.40 |
|  u_pcie_ep/inst/inst/gt_top_i/pipe_wrapper_i/pipe_clock_int.pipe_clock_i/CLK                  |                                                                                                                                              | u_pcie_ep/inst/inst/gt_top_i/phy_rdy_n                                                                  |                9 |             25 |         2.78 |
|  u_pcie_ep/inst/inst/gt_top_i/pipe_wrapper_i/pipe_clock_int.pipe_clock_i/user_clk             | u_bar0_sim/reg_mdic                                                                                                                          | u_pcie_ep/inst/inst/user_reset_out                                                                      |               16 |             32 |         2.00 |
|  u_pcie_ep/inst/inst/gt_top_i/pipe_wrapper_i/pipe_clock_int.pipe_clock_i/user_clk             | u_bar0_sim/reg_rd_data                                                                                                                       | u_pcie_ep/inst/inst/user_reset_out                                                                      |               20 |             32 |         1.60 |
|  u_pcie_ep/inst/inst/gt_top_i/pipe_wrapper_i/pipe_clock_int.pipe_clock_i/user_clk             | u_bar0_sim/lat_wr_data[31]_i_1_n_0                                                                                                           | u_pcie_ep/inst/inst/user_reset_out                                                                      |               11 |             32 |         2.91 |
|  u_pcie_ep/inst/inst/gt_top_i/pipe_wrapper_i/pipe_clock_int.pipe_clock_i/user_clk             | dsn_value0                                                                                                                                   | u_pcie_ep/inst/inst/user_reset_out                                                                      |                8 |             45 |         5.62 |
|  u_pcie_ep/inst/inst/gt_top_i/pipe_wrapper_i/pipe_clock_int.pipe_clock_i/user_clk             | u_bar0_sim/lat_fmt                                                                                                                           | u_pcie_ep/inst/inst/user_reset_out                                                                      |               16 |             48 |         3.00 |
|  u_pcie_ep/inst/inst/gt_top_i/pipe_wrapper_i/pipe_clock_int.pipe_clock_i/CLK                  |                                                                                                                                              | u_pcie_ep/inst/inst/gt_top_i/pipe_wrapper_i/gtp_pipe_reset.gtp_pipe_reset_i/reset_n_reg2_reg            |               12 |             51 |         4.25 |
|  u_pcie_ep/inst/inst/gt_top_i/pipe_wrapper_i/pipe_clock_int.pipe_clock_i/user_clk             | u_bar0_sim/s_axis_tx_tdata[63]_i_1_n_0                                                                                                       | u_pcie_ep/inst/inst/user_reset_out                                                                      |               16 |             65 |         4.06 |
|  u_pcie_ep/inst/inst/gt_top_i/pipe_wrapper_i/pipe_clock_int.pipe_clock_i/user_clk             | u_pcie_ep/inst/inst/pcie_top_i/axi_basic_top/rx_inst/rx_pipeline_inst/m_axis_rx_tdata[63]_i_1_n_0                                            | u_pcie_ep/inst/inst/user_reset_out                                                                      |               14 |             66 |         4.71 |
|  u_pcie_ep/inst/inst/gt_top_i/pipe_wrapper_i/pipe_clock_int.pipe_clock_i/user_clk             | u_pcie_ep/inst/inst/pcie_top_i/axi_basic_top/rx_inst/rx_pipeline_inst/E[0]                                                                   | u_pcie_ep/inst/inst/user_reset_out                                                                      |               12 |             66 |         5.50 |
|  u_pcie_ep/inst/inst/gt_top_i/pipe_wrapper_i/pipe_clock_int.pipe_clock_i/CLK                  |                                                                                                                                              | u_pcie_ep/inst/inst/gt_top_i/pipe_wrapper_i/gtp_pipe_reset.gtp_pipe_reset_i/rst_cpllreset               |               32 |            112 |         3.50 |
|  u_pcie_ep/inst/inst/gt_top_i/pipe_wrapper_i/pipe_clock_int.pipe_clock_i/dclk_i_bufg.dclk_i_0 |                                                                                                                                              | u_pcie_ep/inst/inst/gt_top_i/pipe_wrapper_i/gtp_pipe_reset.gtp_pipe_reset_i/SR[0]                       |               26 |            114 |         4.38 |
|  u_pcie_ep/inst/inst/gt_top_i/pipe_wrapper_i/pipe_clock_int.pipe_clock_i/user_clk             |                                                                                                                                              | u_pcie_ep/inst/inst/user_reset_out                                                                      |               46 |            161 |         3.50 |
+-----------------------------------------------------------------------------------------------+----------------------------------------------------------------------------------------------------------------------------------------------+---------------------------------------------------------------------------------------------------------+------------------+----------------+--------------+


