
*** Running vivado
    with args -log hda_pcie_top.vdi -applog -m64 -product Vivado -messageDb vivado.pb -mode batch -source hda_pcie_top.tcl -notrace



****** Vivado v2022.2 (64-bit)
  **** SW Build 3671981 on Fri Oct 14 05:00:03 MDT 2022
  **** IP Build 3669848 on Fri Oct 14 08:30:02 MDT 2022
    ** Copyright 1986-2022 Xilinx, Inc. All Rights Reserved.

source hda_pcie_top.tcl -notrace
Command: link_design -top hda_pcie_top -part xc7a75tfgg484-2
Design is defaulting to srcset: sources_1
Design is defaulting to constrset: constrs_1
INFO: [Device 21-403] Loading part xc7a75tfgg484-2
INFO: [Project 1-454] Reading design checkpoint 'c:/Users/dukehhu/Desktop/amd/Audio_Controller_Logic/Audio_Controller_Logic.gen/sources_1/ip/pcie_7x_0/pcie_7x_0.dcp' for cell 'u_pcie_ep'
Netlist sorting complete. Time (s): cpu = 00:00:00 ; elapsed = 00:00:00.074 . Memory (MB): peak = 839.770 ; gain = 0.000
INFO: [Netlist 29-17] Analyzing 580 Unisim elements for replacement
INFO: [Netlist 29-28] Unisim Transformation completed in 0 CPU seconds
INFO: [Project 1-479] Netlist was created with Vivado 2022.2
INFO: [Project 1-570] Preparing netlist for logic optimization
Parsing XDC File [c:/Users/dukehhu/Desktop/amd/Audio_Controller_Logic/Audio_Controller_Logic.gen/sources_1/ip/pcie_7x_0/source/pcie_7x_0-PCIE_X0Y0.xdc] for cell 'u_pcie_ep/inst'
INFO: [Timing 38-35] Done setting XDC timing constraints. [c:/Users/dukehhu/Desktop/amd/Audio_Controller_Logic/Audio_Controller_Logic.gen/sources_1/ip/pcie_7x_0/source/pcie_7x_0-PCIE_X0Y0.xdc:132]
INFO: [Timing 38-2] Deriving generated clocks [c:/Users/dukehhu/Desktop/amd/Audio_Controller_Logic/Audio_Controller_Logic.gen/sources_1/ip/pcie_7x_0/source/pcie_7x_0-PCIE_X0Y0.xdc:132]
create_generated_clock: Time (s): cpu = 00:00:02 ; elapsed = 00:00:06 . Memory (MB): peak = 1550.734 ; gain = 584.238
Finished Parsing XDC File [c:/Users/dukehhu/Desktop/amd/Audio_Controller_Logic/Audio_Controller_Logic.gen/sources_1/ip/pcie_7x_0/source/pcie_7x_0-PCIE_X0Y0.xdc] for cell 'u_pcie_ep/inst'
Parsing XDC File [C:/Users/dukehhu/Desktop/amd/constraints.xdc]
Finished Parsing XDC File [C:/Users/dukehhu/Desktop/amd/constraints.xdc]
INFO: [Project 1-1714] 2 XPM XDC files have been applied to the design.
INFO: [Opt 31-138] Pushed 0 inverter(s) to 0 load pin(s).
Netlist sorting complete. Time (s): cpu = 00:00:00 ; elapsed = 00:00:00.001 . Memory (MB): peak = 1550.734 ; gain = 0.000
INFO: [Project 1-111] Unisim Transformation Summary:
No Unisim elements were transformed.

11 Infos, 0 Warnings, 0 Critical Warnings and 0 Errors encountered.
link_design completed successfully
link_design: Time (s): cpu = 00:00:04 ; elapsed = 00:00:11 . Memory (MB): peak = 1550.734 ; gain = 1127.797
Command: opt_design
Attempting to get a license for feature 'Implementation' and/or device 'xc7a75t'
INFO: [Common 17-349] Got license for feature 'Implementation' and/or device 'xc7a75t'
Running DRC as a precondition to command opt_design

Starting DRC Task
INFO: [DRC 23-27] Running DRC with 2 threads
INFO: [Project 1-461] DRC finished with 0 Errors
INFO: [Project 1-462] Please refer to the DRC report (report_drc) for more information.

Time (s): cpu = 00:00:01 ; elapsed = 00:00:00.962 . Memory (MB): peak = 1550.734 ; gain = 0.000

Starting Cache Timing Information Task
INFO: [Timing 38-35] Done setting XDC timing constraints.
Ending Cache Timing Information Task | Checksum: 72e32b54

Time (s): cpu = 00:00:00 ; elapsed = 00:00:00.165 . Memory (MB): peak = 1550.734 ; gain = 0.000

Starting Logic Optimization Task

Phase 1 Retarget
INFO: [Opt 31-138] Pushed 2 inverter(s) to 2 load pin(s).
INFO: [Opt 31-49] Retargeted 0 cell(s).
Phase 1 Retarget | Checksum: cb8957fd

Time (s): cpu = 00:00:00 ; elapsed = 00:00:00.216 . Memory (MB): peak = 1851.180 ; gain = 0.000
INFO: [Opt 31-389] Phase Retarget created 0 cells and removed 35 cells
INFO: [Opt 31-1021] In phase Retarget, 1 netlist objects are constrained preventing optimization. Please run opt_design with -debug_log to get more detail. 

Phase 2 Constant propagation
INFO: [Opt 31-138] Pushed 0 inverter(s) to 0 load pin(s).
Phase 2 Constant propagation | Checksum: be59a4d9

Time (s): cpu = 00:00:00 ; elapsed = 00:00:00.247 . Memory (MB): peak = 1851.180 ; gain = 0.000
INFO: [Opt 31-389] Phase Constant propagation created 2 cells and removed 9 cells

Phase 3 Sweep
Phase 3 Sweep | Checksum: 71c9edc9

Time (s): cpu = 00:00:00 ; elapsed = 00:00:00.358 . Memory (MB): peak = 1851.180 ; gain = 0.000
INFO: [Opt 31-389] Phase Sweep created 0 cells and removed 455 cells
INFO: [Opt 31-1021] In phase Sweep, 1 netlist objects are constrained preventing optimization. Please run opt_design with -debug_log to get more detail. 

Phase 4 BUFG optimization
INFO: [Opt 31-194] Inserted BUFG clk_24m_BUFG_inst to drive 3 load(s) on clock net clk_24m_BUFG
INFO: [Opt 31-193] Inserted 1 BUFG(s) on clock nets
Phase 4 BUFG optimization | Checksum: 10b8e7669

Time (s): cpu = 00:00:00 ; elapsed = 00:00:00.411 . Memory (MB): peak = 1851.180 ; gain = 0.000
INFO: [Opt 31-662] Phase BUFG optimization created 1 cells of which 1 are BUFGs and removed 0 cells.

Phase 5 Shift Register Optimization
INFO: [Opt 31-1064] SRL Remap converted 0 SRLs to 0 registers and converted 0 registers of register chains to 0 SRLs
Phase 5 Shift Register Optimization | Checksum: 10b8e7669

Time (s): cpu = 00:00:00 ; elapsed = 00:00:00.419 . Memory (MB): peak = 1851.180 ; gain = 0.000
INFO: [Opt 31-389] Phase Shift Register Optimization created 0 cells and removed 0 cells

Phase 6 Post Processing Netlist
Phase 6 Post Processing Netlist | Checksum: 3c3f129c

Time (s): cpu = 00:00:00 ; elapsed = 00:00:00.431 . Memory (MB): peak = 1851.180 ; gain = 0.000
INFO: [Opt 31-389] Phase Post Processing Netlist created 0 cells and removed 0 cells
INFO: [Opt 31-1021] In phase Post Processing Netlist, 1 netlist objects are constrained preventing optimization. Please run opt_design with -debug_log to get more detail. 
Opt_design Change Summary
=========================


-------------------------------------------------------------------------------------------------------------------------
|  Phase                        |  #Cells created  |  #Cells Removed  |  #Constrained objects preventing optimizations  |
-------------------------------------------------------------------------------------------------------------------------
|  Retarget                     |               0  |              35  |                                              1  |
|  Constant propagation         |               2  |               9  |                                              0  |
|  Sweep                        |               0  |             455  |                                              1  |
|  BUFG optimization            |               1  |               0  |                                              0  |
|  Shift Register Optimization  |               0  |               0  |                                              0  |
|  Post Processing Netlist      |               0  |               0  |                                              1  |
-------------------------------------------------------------------------------------------------------------------------



Starting Connectivity Check Task

Time (s): cpu = 00:00:00 ; elapsed = 00:00:00.007 . Memory (MB): peak = 1851.180 ; gain = 0.000
Ending Logic Optimization Task | Checksum: 13053f28d

Time (s): cpu = 00:00:00 ; elapsed = 00:00:00.523 . Memory (MB): peak = 1851.180 ; gain = 0.000

Starting Power Optimization Task
INFO: [Pwropt 34-132] Skipping clock gating for clocks with a period < 2.00 ns.
INFO: [Timing 38-35] Done setting XDC timing constraints.
INFO: [Pwropt 34-9] Applying IDT optimizations ...
INFO: [Pwropt 34-10] Applying ODC optimizations ...
Running Vector-less Activity Propagation...

Finished Running Vector-less Activity Propagation


Starting PowerOpt Patch Enables Task
INFO: [Pwropt 34-162] WRITE_MODE attribute of 0 BRAM(s) out of a total of 8 has been updated to save power. Run report_power_opt to get a complete listing of the BRAMs updated.
INFO: [Pwropt 34-201] Structural ODC has moved 0 WE to EN ports
Number of BRAM Ports augmented: 0 newly gated: 0 Total Ports: 16
Ending PowerOpt Patch Enables Task | Checksum: 13053f28d

Time (s): cpu = 00:00:00 ; elapsed = 00:00:00.037 . Memory (MB): peak = 1965.656 ; gain = 0.000
Ending Power Optimization Task | Checksum: 13053f28d

Time (s): cpu = 00:00:00 ; elapsed = 00:00:01 . Memory (MB): peak = 1965.656 ; gain = 114.477

Starting Final Cleanup Task
Ending Final Cleanup Task | Checksum: 13053f28d

Time (s): cpu = 00:00:00 ; elapsed = 00:00:00.002 . Memory (MB): peak = 1965.656 ; gain = 0.000

Starting Netlist Obfuscation Task
Netlist sorting complete. Time (s): cpu = 00:00:00 ; elapsed = 00:00:00.001 . Memory (MB): peak = 1965.656 ; gain = 0.000
Ending Netlist Obfuscation Task | Checksum: 13053f28d

Time (s): cpu = 00:00:00 ; elapsed = 00:00:00.004 . Memory (MB): peak = 1965.656 ; gain = 0.000
INFO: [Common 17-83] Releasing license: Implementation
38 Infos, 0 Warnings, 0 Critical Warnings and 0 Errors encountered.
opt_design completed successfully
INFO: [Timing 38-35] Done setting XDC timing constraints.
INFO: [Timing 38-480] Writing timing data to binary archive.
Writing XDEF routing.
Writing XDEF routing logical nets.
Writing XDEF routing special nets.
Write XDEF Complete: Time (s): cpu = 00:00:00 ; elapsed = 00:00:00.048 . Memory (MB): peak = 1965.656 ; gain = 0.000
INFO: [Common 17-1381] The checkpoint 'C:/Users/dukehhu/Desktop/amd/Audio_Controller_Logic/Audio_Controller_Logic.runs/impl_1/hda_pcie_top_opt.dcp' has been generated.
INFO: [runtcl-4] Executing : report_drc -file hda_pcie_top_drc_opted.rpt -pb hda_pcie_top_drc_opted.pb -rpx hda_pcie_top_drc_opted.rpx
Command: report_drc -file hda_pcie_top_drc_opted.rpt -pb hda_pcie_top_drc_opted.pb -rpx hda_pcie_top_drc_opted.rpx
INFO: [IP_Flow 19-1839] IP Catalog is up to date.
INFO: [DRC 23-27] Running DRC with 2 threads
INFO: [Vivado_Tcl 2-168] The results of DRC are in file C:/Users/dukehhu/Desktop/amd/Audio_Controller_Logic/Audio_Controller_Logic.runs/impl_1/hda_pcie_top_drc_opted.rpt.
report_drc completed successfully
Command: place_design
Attempting to get a license for feature 'Implementation' and/or device 'xc7a75t'
INFO: [Common 17-349] Got license for feature 'Implementation' and/or device 'xc7a75t'
INFO: [DRC 23-27] Running DRC with 2 threads
INFO: [Vivado_Tcl 4-198] DRC finished with 0 Errors
INFO: [Vivado_Tcl 4-199] Please refer to the DRC report (report_drc) for more information.
Running DRC as a precondition to command place_design
INFO: [DRC 23-27] Running DRC with 2 threads
INFO: [Vivado_Tcl 4-198] DRC finished with 0 Errors
INFO: [Vivado_Tcl 4-199] Please refer to the DRC report (report_drc) for more information.

Starting Placer Task
INFO: [Place 30-611] Multithreading enabled for place_design using a maximum of 2 CPUs

Phase 1 Placer Initialization

Phase 1.1 Placer Initialization Netlist Sorting
Netlist sorting complete. Time (s): cpu = 00:00:00 ; elapsed = 00:00:00.001 . Memory (MB): peak = 1965.656 ; gain = 0.000
Phase 1.1 Placer Initialization Netlist Sorting | Checksum: f4caa3f4

Time (s): cpu = 00:00:00 ; elapsed = 00:00:00.008 . Memory (MB): peak = 1965.656 ; gain = 0.000
Netlist sorting complete. Time (s): cpu = 00:00:00 ; elapsed = 00:00:00.001 . Memory (MB): peak = 1965.656 ; gain = 0.000

Phase 1.2 IO Placement/ Clock Placement/ Build Placer Device
Phase 1.2 IO Placement/ Clock Placement/ Build Placer Device | Checksum: 1efc6ca9

Time (s): cpu = 00:00:01 ; elapsed = 00:00:00.423 . Memory (MB): peak = 1965.656 ; gain = 0.000

Phase 1.3 Build Placer Netlist Model
Phase 1.3 Build Placer Netlist Model | Checksum: 669f7340

Time (s): cpu = 00:00:01 ; elapsed = 00:00:01 . Memory (MB): peak = 1965.656 ; gain = 0.000

Phase 1.4 Constrain Clocks/Macros
Phase 1.4 Constrain Clocks/Macros | Checksum: 669f7340

Time (s): cpu = 00:00:01 ; elapsed = 00:00:01 . Memory (MB): peak = 1965.656 ; gain = 0.000
Phase 1 Placer Initialization | Checksum: 669f7340

Time (s): cpu = 00:00:01 ; elapsed = 00:00:01 . Memory (MB): peak = 1965.656 ; gain = 0.000

Phase 2 Global Placement

Phase 2.1 Floorplanning
Phase 2.1 Floorplanning | Checksum: fc52428a

Time (s): cpu = 00:00:01 ; elapsed = 00:00:01 . Memory (MB): peak = 1965.656 ; gain = 0.000

Phase 2.2 Update Timing before SLR Path Opt
Phase 2.2 Update Timing before SLR Path Opt | Checksum: d1532f43

Time (s): cpu = 00:00:01 ; elapsed = 00:00:02 . Memory (MB): peak = 1965.656 ; gain = 0.000

Phase 2.3 Post-Processing in Floorplanning
Phase 2.3 Post-Processing in Floorplanning | Checksum: d1532f43

Time (s): cpu = 00:00:01 ; elapsed = 00:00:02 . Memory (MB): peak = 1965.656 ; gain = 0.000

Phase 2.4 Global Placement Core

Phase 2.4.1 UpdateTiming Before Physical Synthesis
Phase 2.4.1 UpdateTiming Before Physical Synthesis | Checksum: e19774e6

Time (s): cpu = 00:00:02 ; elapsed = 00:00:03 . Memory (MB): peak = 1965.656 ; gain = 0.000

Phase 2.4.2 Physical Synthesis In Placer
INFO: [Physopt 32-1035] Found 0 LUTNM shape to break, 163 LUT instances to create LUTNM shape
INFO: [Physopt 32-1044] Break lutnm for timing: one critical 0, two critical 0, total 0, new lutff created 0
INFO: [Physopt 32-1138] End 1 Pass. Optimized 59 nets or LUTs. Breaked 0 LUT, combined 59 existing LUTs and moved 0 existing LUT
INFO: [Physopt 32-76] Pass 1. Identified 1 candidate net for fanout optimization.
INFO: [Physopt 32-81] Processed net u_pcie_ep/inst/inst/user_reset_out. Replicated 19 times.
INFO: [Physopt 32-232] Optimized 1 net. Created 19 new instances.
INFO: [Physopt 32-775] End 1 Pass. Optimized 1 net or cell. Created 19 new cells, deleted 0 existing cell and moved 0 existing cell
Netlist sorting complete. Time (s): cpu = 00:00:00 ; elapsed = 00:00:00.044 . Memory (MB): peak = 1965.656 ; gain = 0.000
INFO: [Physopt 32-456] No candidate cells for DSP register optimization found in the design.
INFO: [Physopt 32-775] End 2 Pass. Optimized 0 net or cell. Created 0 new cell, deleted 0 existing cell and moved 0 existing cell
INFO: [Physopt 32-1123] No candidate cells found for Shift Register to Pipeline optimization
INFO: [Physopt 32-775] End 2 Pass. Optimized 0 net or cell. Created 0 new cell, deleted 0 existing cell and moved 0 existing cell
INFO: [Physopt 32-677] No candidate cells for Shift Register optimization found in the design
INFO: [Physopt 32-775] End 1 Pass. Optimized 0 net or cell. Created 0 new cell, deleted 0 existing cell and moved 0 existing cell
INFO: [Physopt 32-526] No candidate cells for BRAM register optimization found in the design
INFO: [Physopt 32-775] End 1 Pass. Optimized 0 net or cell. Created 0 new cell, deleted 0 existing cell and moved 0 existing cell
INFO: [Physopt 32-846] No candidate cells for URAM register optimization found in the design
INFO: [Physopt 32-775] End 2 Pass. Optimized 0 net or cell. Created 0 new cell, deleted 0 existing cell and moved 0 existing cell
INFO: [Physopt 32-949] No candidate nets found for dynamic/static region interface net replication
INFO: [Physopt 32-775] End 1 Pass. Optimized 0 net or cell. Created 0 new cell, deleted 0 existing cell and moved 0 existing cell
Netlist sorting complete. Time (s): cpu = 00:00:00 ; elapsed = 00:00:00.001 . Memory (MB): peak = 1965.656 ; gain = 0.000

Summary of Physical Synthesis Optimizations
============================================


-----------------------------------------------------------------------------------------------------------------------------------------------------------
|  Optimization                                     |  Added Cells  |  Removed Cells  |  Optimized Cells/Nets  |  Dont Touch  |  Iterations  |  Elapsed   |
-----------------------------------------------------------------------------------------------------------------------------------------------------------
|  LUT Combining                                    |            0  |             59  |                    59  |           0  |           1  |  00:00:00  |
|  Retime                                           |            0  |              0  |                     0  |           0  |           1  |  00:00:00  |
|  Very High Fanout                                 |           19  |              0  |                     1  |           0  |           1  |  00:00:00  |
|  DSP Register                                     |            0  |              0  |                     0  |           0  |           1  |  00:00:00  |
|  Shift Register to Pipeline                       |            0  |              0  |                     0  |           0  |           1  |  00:00:00  |
|  Shift Register                                   |            0  |              0  |                     0  |           0  |           1  |  00:00:00  |
|  BRAM Register                                    |            0  |              0  |                     0  |           0  |           1  |  00:00:00  |
|  URAM Register                                    |            0  |              0  |                     0  |           0  |           1  |  00:00:00  |
|  Dynamic/Static Region Interface Net Replication  |            0  |              0  |                     0  |           0  |           1  |  00:00:00  |
|  Total                                            |           19  |             59  |                    60  |           0  |           9  |  00:00:00  |
-----------------------------------------------------------------------------------------------------------------------------------------------------------


Phase 2.4.2 Physical Synthesis In Placer | Checksum: 4199af57

Time (s): cpu = 00:00:02 ; elapsed = 00:00:04 . Memory (MB): peak = 1965.656 ; gain = 0.000
Phase 2.4 Global Placement Core | Checksum: 115e29148

Time (s): cpu = 00:00:02 ; elapsed = 00:00:04 . Memory (MB): peak = 1965.656 ; gain = 0.000
Phase 2 Global Placement | Checksum: 115e29148

Time (s): cpu = 00:00:02 ; elapsed = 00:00:04 . Memory (MB): peak = 1965.656 ; gain = 0.000

Phase 3 Detail Placement

Phase 3.1 Commit Multi Column Macros
Phase 3.1 Commit Multi Column Macros | Checksum: 67c20b24

Time (s): cpu = 00:00:02 ; elapsed = 00:00:05 . Memory (MB): peak = 1965.656 ; gain = 0.000

Phase 3.2 Commit Most Macros & LUTRAMs
Phase 3.2 Commit Most Macros & LUTRAMs | Checksum: f44696d9

Time (s): cpu = 00:00:02 ; elapsed = 00:00:05 . Memory (MB): peak = 1965.656 ; gain = 0.000

Phase 3.3 Area Swap Optimization
Phase 3.3 Area Swap Optimization | Checksum: cda23a22

Time (s): cpu = 00:00:02 ; elapsed = 00:00:05 . Memory (MB): peak = 1965.656 ; gain = 0.000

Phase 3.4 Pipeline Register Optimization
Phase 3.4 Pipeline Register Optimization | Checksum: 13c5f6102

Time (s): cpu = 00:00:02 ; elapsed = 00:00:05 . Memory (MB): peak = 1965.656 ; gain = 0.000

Phase 3.5 Fast Optimization
Phase 3.5 Fast Optimization | Checksum: d5ca6f53

Time (s): cpu = 00:00:03 ; elapsed = 00:00:06 . Memory (MB): peak = 1965.656 ; gain = 0.000

Phase 3.6 Small Shape Detail Placement
Phase 3.6 Small Shape Detail Placement | Checksum: 2bfdc6ed

Time (s): cpu = 00:00:03 ; elapsed = 00:00:07 . Memory (MB): peak = 1965.656 ; gain = 0.000

Phase 3.7 Re-assign LUT pins
Phase 3.7 Re-assign LUT pins | Checksum: 8f0e96f1

Time (s): cpu = 00:00:03 ; elapsed = 00:00:07 . Memory (MB): peak = 1965.656 ; gain = 0.000

Phase 3.8 Pipeline Register Optimization
Phase 3.8 Pipeline Register Optimization | Checksum: 15bcc9bf2

Time (s): cpu = 00:00:03 ; elapsed = 00:00:07 . Memory (MB): peak = 1965.656 ; gain = 0.000

Phase 3.9 Fast Optimization
Phase 3.9 Fast Optimization | Checksum: 16818e8dd

Time (s): cpu = 00:00:04 ; elapsed = 00:00:08 . Memory (MB): peak = 1965.656 ; gain = 0.000
Phase 3 Detail Placement | Checksum: 16818e8dd

Time (s): cpu = 00:00:04 ; elapsed = 00:00:08 . Memory (MB): peak = 1965.656 ; gain = 0.000

Phase 4 Post Placement Optimization and Clean-Up

Phase 4.1 Post Commit Optimization
INFO: [Timing 38-35] Done setting XDC timing constraints.

Phase 4.1.1 Post Placement Optimization
Post Placement Optimization Initialization | Checksum: 153f28805

Phase 4.1.1.1 BUFG Insertion

Starting Physical Synthesis Task

Phase 1 Physical Synthesis Initialization
INFO: [Physopt 32-721] Multithreading enabled for phys_opt_design using a maximum of 2 CPUs
INFO: [Physopt 32-619] Estimated Timing Summary | WNS=-4.458 | TNS=-4.458 |
Phase 1 Physical Synthesis Initialization | Checksum: a2dbabc5

Time (s): cpu = 00:00:00 ; elapsed = 00:00:00.195 . Memory (MB): peak = 1965.656 ; gain = 0.000
INFO: [Place 46-56] BUFG insertion identified 0 candidate nets. Inserted BUFG: 0, Replicated BUFG Driver: 0, Skipped due to Placement/Routing Conflicts: 0, Skipped due to Timing Degradation: 0, Skipped due to Illegal Netlist: 0.
Ending Physical Synthesis Task | Checksum: 16afe26dd

Time (s): cpu = 00:00:00 ; elapsed = 00:00:00.222 . Memory (MB): peak = 1965.656 ; gain = 0.000
Phase 4.1.1.1 BUFG Insertion | Checksum: 153f28805

Time (s): cpu = 00:00:04 ; elapsed = 00:00:10 . Memory (MB): peak = 1965.656 ; gain = 0.000

Phase 4.1.1.2 Post Placement Timing Optimization
INFO: [Place 30-746] Post Placement Timing Summary WNS=-4.210. For the most accurate timing information please run report_timing.
Phase 4.1.1.2 Post Placement Timing Optimization | Checksum: b5e4edc5

Time (s): cpu = 00:00:04 ; elapsed = 00:00:11 . Memory (MB): peak = 1965.656 ; gain = 0.000

Time (s): cpu = 00:00:04 ; elapsed = 00:00:11 . Memory (MB): peak = 1965.656 ; gain = 0.000
Phase 4.1 Post Commit Optimization | Checksum: b5e4edc5

Time (s): cpu = 00:00:04 ; elapsed = 00:00:11 . Memory (MB): peak = 1965.656 ; gain = 0.000

Phase 4.2 Post Placement Cleanup
Phase 4.2 Post Placement Cleanup | Checksum: b5e4edc5

Time (s): cpu = 00:00:04 ; elapsed = 00:00:11 . Memory (MB): peak = 1965.656 ; gain = 0.000

Phase 4.3 Placer Reporting

Phase 4.3.1 Print Estimated Congestion
INFO: [Place 30-612] Post-Placement Estimated Congestion 
 ____________________________________________________
|           | Global Congestion | Short Congestion  |
| Direction | Region Size       | Region Size       |
|___________|___________________|___________________|
|      North|                1x1|                1x1|
|___________|___________________|___________________|
|      South|                1x1|                1x1|
|___________|___________________|___________________|
|       East|                1x1|                1x1|
|___________|___________________|___________________|
|       West|                1x1|                1x1|
|___________|___________________|___________________|

Phase 4.3.1 Print Estimated Congestion | Checksum: b5e4edc5

Time (s): cpu = 00:00:04 ; elapsed = 00:00:11 . Memory (MB): peak = 1965.656 ; gain = 0.000
Phase 4.3 Placer Reporting | Checksum: b5e4edc5

Time (s): cpu = 00:00:04 ; elapsed = 00:00:11 . Memory (MB): peak = 1965.656 ; gain = 0.000

Phase 4.4 Final Placement Cleanup
Netlist sorting complete. Time (s): cpu = 00:00:00 ; elapsed = 00:00:00.001 . Memory (MB): peak = 1965.656 ; gain = 0.000

Time (s): cpu = 00:00:04 ; elapsed = 00:00:11 . Memory (MB): peak = 1965.656 ; gain = 0.000
Phase 4 Post Placement Optimization and Clean-Up | Checksum: e70318a4

Time (s): cpu = 00:00:04 ; elapsed = 00:00:11 . Memory (MB): peak = 1965.656 ; gain = 0.000
Ending Placer Task | Checksum: b9455a5e

Time (s): cpu = 00:00:04 ; elapsed = 00:00:11 . Memory (MB): peak = 1965.656 ; gain = 0.000
INFO: [Common 17-83] Releasing license: Implementation
79 Infos, 0 Warnings, 0 Critical Warnings and 0 Errors encountered.
place_design completed successfully
place_design: Time (s): cpu = 00:00:05 ; elapsed = 00:00:12 . Memory (MB): peak = 1965.656 ; gain = 0.000
INFO: [Timing 38-480] Writing timing data to binary archive.
Writing XDEF routing.
Writing XDEF routing logical nets.
Writing XDEF routing special nets.
Write XDEF Complete: Time (s): cpu = 00:00:00 ; elapsed = 00:00:00.474 . Memory (MB): peak = 1965.656 ; gain = 0.000
INFO: [Common 17-1381] The checkpoint 'C:/Users/dukehhu/Desktop/amd/Audio_Controller_Logic/Audio_Controller_Logic.runs/impl_1/hda_pcie_top_placed.dcp' has been generated.
INFO: [runtcl-4] Executing : report_io -file hda_pcie_top_io_placed.rpt
report_io: Time (s): cpu = 00:00:00 ; elapsed = 00:00:00.045 . Memory (MB): peak = 1965.656 ; gain = 0.000
INFO: [runtcl-4] Executing : report_utilization -file hda_pcie_top_utilization_placed.rpt -pb hda_pcie_top_utilization_placed.pb
INFO: [runtcl-4] Executing : report_control_sets -verbose -file hda_pcie_top_control_sets_placed.rpt
report_control_sets: Time (s): cpu = 00:00:00 ; elapsed = 00:00:00.057 . Memory (MB): peak = 1965.656 ; gain = 0.000
Command: phys_opt_design
Attempting to get a license for feature 'Implementation' and/or device 'xc7a75t'
INFO: [Common 17-349] Got license for feature 'Implementation' and/or device 'xc7a75t'

Starting Initial Update Timing Task

Time (s): cpu = 00:00:01 ; elapsed = 00:00:00.676 . Memory (MB): peak = 1965.656 ; gain = 0.000
INFO: [Vivado_Tcl 4-1435] PhysOpt_Tcl_Interface Runtime Before Starting Physical Synthesis Task | CPU: 1.00s |  WALL: 0.70s
Netlist sorting complete. Time (s): cpu = 00:00:00 ; elapsed = 00:00:00.001 . Memory (MB): peak = 1965.656 ; gain = 0.000

Starting Physical Synthesis Task

Phase 1 Physical Synthesis Initialization
INFO: [Physopt 32-721] Multithreading enabled for phys_opt_design using a maximum of 2 CPUs
INFO: [Physopt 32-619] Estimated Timing Summary | WNS=-4.210 | TNS=-4.210 |
Phase 1 Physical Synthesis Initialization | Checksum: 14d491251

Time (s): cpu = 00:00:00 ; elapsed = 00:00:00.354 . Memory (MB): peak = 1965.656 ; gain = 0.000
INFO: [Physopt 32-619] Estimated Timing Summary | WNS=-4.210 | TNS=-4.210 |

Phase 2 DSP Register Optimization
INFO: [Physopt 32-456] No candidate cells for DSP register optimization found in the design.
INFO: [Physopt 32-775] End 2 Pass. Optimized 0 net or cell. Created 0 new cell, deleted 0 existing cell and moved 0 existing cell
Phase 2 DSP Register Optimization | Checksum: 14d491251

Time (s): cpu = 00:00:00 ; elapsed = 00:00:00.371 . Memory (MB): peak = 1965.656 ; gain = 0.000

Phase 3 Critical Path Optimization
INFO: [Physopt 32-619] Estimated Timing Summary | WNS=-4.210 | TNS=-4.210 |
INFO: [Physopt 32-663] Processed net clk24_sync[0].  Re-placed instance clk24_sync_reg[0]
INFO: [Physopt 32-735] Processed net clk24_sync[0]. Optimization improves timing on the net.
INFO: [Physopt 32-619] Estimated Timing Summary | WNS=-4.195 | TNS=-4.195 |
INFO: [Physopt 32-702] Processed net clk24_sync[0]. Optimizations did not improve timing on the net.
INFO: [Physopt 32-702] Processed net clk_24m. Optimizations did not improve timing on the net.
INFO: [Physopt 32-663] Processed net clk24_toggle.  Re-placed instance clk24_toggle_reg
INFO: [Physopt 32-735] Processed net clk24_toggle. Optimization improves timing on the net.
INFO: [Physopt 32-619] Estimated Timing Summary | WNS=-4.183 | TNS=-4.183 |
INFO: [Physopt 32-81] Processed net clk24_toggle. Replicated 1 times.
INFO: [Physopt 32-735] Processed net clk24_toggle. Optimization improves timing on the net.
INFO: [Physopt 32-619] Estimated Timing Summary | WNS=-4.176 | TNS=-4.176 |
INFO: [Physopt 32-702] Processed net clk24_toggle_repN. Optimizations did not improve timing on the net.
INFO: [Physopt 32-663] Processed net clk24_sync[0].  Re-placed instance clk24_sync_reg[0]
INFO: [Physopt 32-735] Processed net clk24_sync[0]. Optimization improves timing on the net.
INFO: [Physopt 32-619] Estimated Timing Summary | WNS=-4.172 | TNS=-4.172 |
INFO: [Physopt 32-702] Processed net clk24_sync[0]. Optimizations did not improve timing on the net.
INFO: [Physopt 32-702] Processed net clk_24m. Optimizations did not improve timing on the net.
INFO: [Physopt 32-702] Processed net clk24_toggle_repN. Optimizations did not improve timing on the net.
INFO: [Physopt 32-619] Estimated Timing Summary | WNS=-4.172 | TNS=-4.172 |
Phase 3 Critical Path Optimization | Checksum: 14d162463

Time (s): cpu = 00:00:00 ; elapsed = 00:00:00.667 . Memory (MB): peak = 1965.656 ; gain = 0.000

Phase 4 Critical Path Optimization
INFO: [Physopt 32-619] Estimated Timing Summary | WNS=-4.172 | TNS=-4.172 |
INFO: [Physopt 32-702] Processed net clk24_sync[0]. Optimizations did not improve timing on the net.
INFO: [Physopt 32-702] Processed net clk_24m. Optimizations did not improve timing on the net.
INFO: [Physopt 32-702] Processed net clk24_toggle_repN. Optimizations did not improve timing on the net.
INFO: [Physopt 32-702] Processed net clk24_sync[0]. Optimizations did not improve timing on the net.
INFO: [Physopt 32-702] Processed net clk_24m. Optimizations did not improve timing on the net.
INFO: [Physopt 32-702] Processed net clk24_toggle_repN. Optimizations did not improve timing on the net.
INFO: [Physopt 32-619] Estimated Timing Summary | WNS=-4.172 | TNS=-4.172 |
Phase 4 Critical Path Optimization | Checksum: 14d162463

Time (s): cpu = 00:00:00 ; elapsed = 00:00:00.771 . Memory (MB): peak = 1965.656 ; gain = 0.000
Netlist sorting complete. Time (s): cpu = 00:00:00 ; elapsed = 00:00:00.003 . Memory (MB): peak = 1965.656 ; gain = 0.000
INFO: [Physopt 32-603] Post Physical Optimization Timing Summary | WNS=-4.172 | TNS=-4.172 |

Summary of Physical Synthesis Optimizations
============================================


-------------------------------------------------------------------------------------------------------------------------------------------------------------
|  Optimization   |  WNS Gain (ns)  |  TNS Gain (ns)  |  Added Cells  |  Removed Cells  |  Optimized Cells/Nets  |  Dont Touch  |  Iterations  |  Elapsed   |
-------------------------------------------------------------------------------------------------------------------------------------------------------------
|  DSP Register   |          0.000  |          0.000  |            0  |              0  |                     0  |           0  |           1  |  00:00:00  |
|  Critical Path  |          0.038  |          0.038  |            1  |              0  |                     4  |           0  |           2  |  00:00:00  |
|  Total          |          0.038  |          0.038  |            1  |              0  |                     4  |           0  |           3  |  00:00:00  |
-------------------------------------------------------------------------------------------------------------------------------------------------------------


Netlist sorting complete. Time (s): cpu = 00:00:00 ; elapsed = 00:00:00.001 . Memory (MB): peak = 1965.656 ; gain = 0.000
Ending Physical Synthesis Task | Checksum: 172ea5e01

Time (s): cpu = 00:00:00 ; elapsed = 00:00:00.804 . Memory (MB): peak = 1965.656 ; gain = 0.000
INFO: [Common 17-83] Releasing license: Implementation
121 Infos, 0 Warnings, 0 Critical Warnings and 0 Errors encountered.
phys_opt_design completed successfully
INFO: [Timing 38-480] Writing timing data to binary archive.
Writing XDEF routing.
Writing XDEF routing logical nets.
Writing XDEF routing special nets.
Write XDEF Complete: Time (s): cpu = 00:00:00 ; elapsed = 00:00:00.477 . Memory (MB): peak = 1965.656 ; gain = 0.000
INFO: [Common 17-1381] The checkpoint 'C:/Users/dukehhu/Desktop/amd/Audio_Controller_Logic/Audio_Controller_Logic.runs/impl_1/hda_pcie_top_physopt.dcp' has been generated.
Command: route_design
Attempting to get a license for feature 'Implementation' and/or device 'xc7a75t'
INFO: [Common 17-349] Got license for feature 'Implementation' and/or device 'xc7a75t'
INFO: [DRC 23-27] Running DRC with 2 threads
INFO: [Vivado_Tcl 4-198] DRC finished with 0 Errors
INFO: [Vivado_Tcl 4-199] Please refer to the DRC report (report_drc) for more information.
Running DRC as a precondition to command route_design
INFO: [DRC 23-27] Running DRC with 2 threads
INFO: [Vivado_Tcl 4-198] DRC finished with 0 Errors
INFO: [Vivado_Tcl 4-199] Please refer to the DRC report (report_drc) for more information.


Starting Routing Task
INFO: [Route 35-254] Multithreading enabled for route_design using a maximum of 2 CPUs

Phase 1 Build RT Design
Checksum: PlaceDB: aa8cb786 ConstDB: 0 ShapeSum: 625fd0fb RouteDB: 0
Post Restoration Checksum: NetGraph: aaf586c NumContArr: c8f6fdb2 Constraints: 0 Timing: 0
Phase 1 Build RT Design | Checksum: d3a6561e

Time (s): cpu = 00:00:10 ; elapsed = 00:00:21 . Memory (MB): peak = 2079.297 ; gain = 108.098

Phase 2 Router Initialization

Phase 2.1 Fix Topology Constraints
Phase 2.1 Fix Topology Constraints | Checksum: d3a6561e

Time (s): cpu = 00:00:10 ; elapsed = 00:00:21 . Memory (MB): peak = 2085.883 ; gain = 114.684

Phase 2.2 Pre Route Cleanup
Phase 2.2 Pre Route Cleanup | Checksum: d3a6561e

Time (s): cpu = 00:00:10 ; elapsed = 00:00:21 . Memory (MB): peak = 2085.883 ; gain = 114.684
 Number of Nodes with overlaps = 0

Phase 2.3 Update Timing
Phase 2.3 Update Timing | Checksum: 132159b3a

Time (s): cpu = 00:00:11 ; elapsed = 00:00:23 . Memory (MB): peak = 2124.043 ; gain = 152.844
INFO: [Route 35-416] Intermediate Timing Summary | WNS=-4.124 | TNS=-4.124 | WHS=-1.724 | THS=-208.256|


Router Utilization Summary
  Global Vertical Routing Utilization    = 8.70436e-05 %
  Global Horizontal Routing Utilization  = 0.000426257 %
  Routable Net Status*
  *Does not include unroutable nets such as driverless and loadless.
  Run report_route_status for detailed report.
  Number of Failed Nets               = 6671
    (Failed Nets is the sum of unrouted and partially routed nets)
  Number of Unrouted Nets             = 6671
  Number of Partially Routed Nets     = 0
  Number of Node Overlaps             = 0

Phase 2 Router Initialization | Checksum: 17bd5bf4c

Time (s): cpu = 00:00:11 ; elapsed = 00:00:24 . Memory (MB): peak = 2124.043 ; gain = 152.844

Phase 3 Initial Routing

Phase 3.1 Global Routing
Phase 3.1 Global Routing | Checksum: 17bd5bf4c

Time (s): cpu = 00:00:11 ; elapsed = 00:00:24 . Memory (MB): peak = 2124.043 ; gain = 152.844
Phase 3 Initial Routing | Checksum: 1f68c03ad

Time (s): cpu = 00:00:13 ; elapsed = 00:00:26 . Memory (MB): peak = 2124.043 ; gain = 152.844

Phase 4 Rip-up And Reroute

Phase 4.1 Global Iteration 0
 Number of Nodes with overlaps = 841
 Number of Nodes with overlaps = 15
 Number of Nodes with overlaps = 4
 Number of Nodes with overlaps = 0
INFO: [Route 35-416] Intermediate Timing Summary | WNS=-4.122 | TNS=-7.992 | WHS=N/A    | THS=N/A    |

Phase 4.1 Global Iteration 0 | Checksum: 101cc77d9

Time (s): cpu = 00:00:14 ; elapsed = 00:00:29 . Memory (MB): peak = 2124.043 ; gain = 152.844
Phase 4 Rip-up And Reroute | Checksum: 101cc77d9

Time (s): cpu = 00:00:14 ; elapsed = 00:00:29 . Memory (MB): peak = 2124.043 ; gain = 152.844

Phase 5 Delay and Skew Optimization

Phase 5.1 Delay CleanUp

Phase 5.1.1 Update Timing
Phase 5.1.1 Update Timing | Checksum: eb687a83

Time (s): cpu = 00:00:14 ; elapsed = 00:00:30 . Memory (MB): peak = 2124.043 ; gain = 152.844
INFO: [Route 35-416] Intermediate Timing Summary | WNS=-4.122 | TNS=-7.992 | WHS=N/A    | THS=N/A    |

 Number of Nodes with overlaps = 0
Phase 5.1 Delay CleanUp | Checksum: 12537a674

Time (s): cpu = 00:00:14 ; elapsed = 00:00:30 . Memory (MB): peak = 2124.043 ; gain = 152.844

Phase 5.2 Clock Skew Optimization
Phase 5.2 Clock Skew Optimization | Checksum: 12537a674

Time (s): cpu = 00:00:14 ; elapsed = 00:00:30 . Memory (MB): peak = 2124.043 ; gain = 152.844
Phase 5 Delay and Skew Optimization | Checksum: 12537a674

Time (s): cpu = 00:00:14 ; elapsed = 00:00:30 . Memory (MB): peak = 2124.043 ; gain = 152.844

Phase 6 Post Hold Fix

Phase 6.1 Hold Fix Iter

Phase 6.1.1 Update Timing
Phase 6.1.1 Update Timing | Checksum: e5eeea8d

Time (s): cpu = 00:00:14 ; elapsed = 00:00:30 . Memory (MB): peak = 2124.043 ; gain = 152.844
INFO: [Route 35-416] Intermediate Timing Summary | WNS=-4.122 | TNS=-7.992 | WHS=0.053  | THS=0.000  |

Phase 6.1 Hold Fix Iter | Checksum: e5eeea8d

Time (s): cpu = 00:00:14 ; elapsed = 00:00:30 . Memory (MB): peak = 2124.043 ; gain = 152.844
Phase 6 Post Hold Fix | Checksum: e5eeea8d

Time (s): cpu = 00:00:14 ; elapsed = 00:00:30 . Memory (MB): peak = 2124.043 ; gain = 152.844

Phase 7 Route finalize

Router Utilization Summary
  Global Vertical Routing Utilization    = 1.45476 %
  Global Horizontal Routing Utilization  = 1.75433 %
  Routable Net Status*
  *Does not include unroutable nets such as driverless and loadless.
  Run report_route_status for detailed report.
  Number of Failed Nets               = 0
    (Failed Nets is the sum of unrouted and partially routed nets)
  Number of Unrouted Nets             = 0
  Number of Partially Routed Nets     = 0
  Number of Node Overlaps             = 0

Congestion Report
North Dir 1x1 Area, Max Cong = 50.4505%, No Congested Regions.
South Dir 1x1 Area, Max Cong = 70.2703%, No Congested Regions.
East Dir 1x1 Area, Max Cong = 63.2353%, No Congested Regions.
West Dir 1x1 Area, Max Cong = 58.8235%, No Congested Regions.

------------------------------
Reporting congestion hotspots
------------------------------
Direction: North
----------------
Congested clusters found at Level 0
Effective congestion level: 0 Aspect Ratio: 1 Sparse Ratio: 0
Direction: South
----------------
Congested clusters found at Level 0
Effective congestion level: 0 Aspect Ratio: 1 Sparse Ratio: 0
Direction: East
----------------
Congested clusters found at Level 0
Effective congestion level: 0 Aspect Ratio: 1 Sparse Ratio: 0
Direction: West
----------------
Congested clusters found at Level 0
Effective congestion level: 0 Aspect Ratio: 1 Sparse Ratio: 0

Phase 7 Route finalize | Checksum: 13db51542

Time (s): cpu = 00:00:14 ; elapsed = 00:00:30 . Memory (MB): peak = 2124.043 ; gain = 152.844

Phase 8 Verifying routed nets

 Verification completed successfully
Phase 8 Verifying routed nets | Checksum: 13db51542

Time (s): cpu = 00:00:14 ; elapsed = 00:00:30 . Memory (MB): peak = 2124.043 ; gain = 152.844

Phase 9 Depositing Routes
INFO: [Route 35-467] Router swapped GT pin u_pcie_ep/inst/inst/gt_top_i/pipe_wrapper_i/pipe_lane[0].pipe_quad.gt_common_enabled.gt_common_int.gt_common_i/qpll_wrapper_i/gtp_common.gtpe2_common_i/GTREFCLK0 to physical pin GTPE2_COMMON_X0Y1/GTREFCLK1
Phase 9 Depositing Routes | Checksum: 18d8edf1a

Time (s): cpu = 00:00:15 ; elapsed = 00:00:31 . Memory (MB): peak = 2124.043 ; gain = 152.844

Phase 10 Post Router Timing
INFO: [Route 35-57] Estimated Timing Summary | WNS=-4.122 | TNS=-7.992 | WHS=0.053  | THS=0.000  |

WARNING: [Route 35-328] Router estimated timing not met.
Resolution: For a complete and accurate timing signoff, report_timing_summary must be run after route_design. Alternatively, route_design can be run with the -timing_summary option to enable a complete timing signoff at the end of route_design.
Phase 10 Post Router Timing | Checksum: 18d8edf1a

Time (s): cpu = 00:00:15 ; elapsed = 00:00:31 . Memory (MB): peak = 2124.043 ; gain = 152.844
INFO: [Route 35-16] Router Completed Successfully

Time (s): cpu = 00:00:15 ; elapsed = 00:00:31 . Memory (MB): peak = 2124.043 ; gain = 152.844

Routing Is Done.
INFO: [Common 17-83] Releasing license: Implementation
139 Infos, 1 Warnings, 0 Critical Warnings and 0 Errors encountered.
route_design completed successfully
route_design: Time (s): cpu = 00:00:15 ; elapsed = 00:00:32 . Memory (MB): peak = 2124.043 ; gain = 158.387
INFO: [Timing 38-480] Writing timing data to binary archive.
Writing XDEF routing.
Writing XDEF routing logical nets.
Writing XDEF routing special nets.
Write XDEF Complete: Time (s): cpu = 00:00:00 ; elapsed = 00:00:00.529 . Memory (MB): peak = 2128.148 ; gain = 4.105
INFO: [Common 17-1381] The checkpoint 'C:/Users/dukehhu/Desktop/amd/Audio_Controller_Logic/Audio_Controller_Logic.runs/impl_1/hda_pcie_top_routed.dcp' has been generated.
INFO: [runtcl-4] Executing : report_drc -file hda_pcie_top_drc_routed.rpt -pb hda_pcie_top_drc_routed.pb -rpx hda_pcie_top_drc_routed.rpx
Command: report_drc -file hda_pcie_top_drc_routed.rpt -pb hda_pcie_top_drc_routed.pb -rpx hda_pcie_top_drc_routed.rpx
INFO: [IP_Flow 19-1839] IP Catalog is up to date.
INFO: [DRC 23-27] Running DRC with 2 threads
INFO: [Vivado_Tcl 2-168] The results of DRC are in file C:/Users/dukehhu/Desktop/amd/Audio_Controller_Logic/Audio_Controller_Logic.runs/impl_1/hda_pcie_top_drc_routed.rpt.
report_drc completed successfully
INFO: [runtcl-4] Executing : report_methodology -file hda_pcie_top_methodology_drc_routed.rpt -pb hda_pcie_top_methodology_drc_routed.pb -rpx hda_pcie_top_methodology_drc_routed.rpx
Command: report_methodology -file hda_pcie_top_methodology_drc_routed.rpt -pb hda_pcie_top_methodology_drc_routed.pb -rpx hda_pcie_top_methodology_drc_routed.rpx
INFO: [Timing 38-35] Done setting XDC timing constraints.
INFO: [DRC 23-133] Running Methodology with 2 threads
INFO: [Vivado_Tcl 2-1520] The results of Report Methodology are in file C:/Users/dukehhu/Desktop/amd/Audio_Controller_Logic/Audio_Controller_Logic.runs/impl_1/hda_pcie_top_methodology_drc_routed.rpt.
report_methodology completed successfully
INFO: [runtcl-4] Executing : report_power -file hda_pcie_top_power_routed.rpt -pb hda_pcie_top_power_summary_routed.pb -rpx hda_pcie_top_power_routed.rpx
Command: report_power -file hda_pcie_top_power_routed.rpt -pb hda_pcie_top_power_summary_routed.pb -rpx hda_pcie_top_power_routed.rpx
INFO: [Timing 38-35] Done setting XDC timing constraints.
Running Vector-less Activity Propagation...

Finished Running Vector-less Activity Propagation
WARNING: [Power 33-332] Found switching activity that implies high-fanout reset nets being asserted for excessive periods of time which may result in inaccurate power analysis.
Resolution: To review and fix problems, please run Power Constraints Advisor in the GUI from Tools > Power Constraints Advisor or run report_power with the -advisory option to generate a text report.
151 Infos, 2 Warnings, 0 Critical Warnings and 0 Errors encountered.
report_power completed successfully
INFO: [runtcl-4] Executing : report_route_status -file hda_pcie_top_route_status.rpt -pb hda_pcie_top_route_status.pb
INFO: [runtcl-4] Executing : report_timing_summary -max_paths 10 -report_unconstrained -file hda_pcie_top_timing_summary_routed.rpt -pb hda_pcie_top_timing_summary_routed.pb -rpx hda_pcie_top_timing_summary_routed.rpx -warn_on_violation 
INFO: [Timing 38-91] UpdateTimingParams: Speed grade: -2, Delay Type: min_max.
INFO: [Timing 38-191] Multithreading enabled for timing update using a maximum of 2 CPUs
CRITICAL WARNING: [Timing 38-282] The design failed to meet the timing requirements. Please see the timing summary report for details on the timing violations.
INFO: [runtcl-4] Executing : report_incremental_reuse -file hda_pcie_top_incremental_reuse_routed.rpt
INFO: [Vivado_Tcl 4-1062] Incremental flow is disabled. No incremental reuse Info to report.
INFO: [runtcl-4] Executing : report_clock_utilization -file hda_pcie_top_clock_utilization_routed.rpt
INFO: [runtcl-4] Executing : report_bus_skew -warn_on_violation -file hda_pcie_top_bus_skew_routed.rpt -pb hda_pcie_top_bus_skew_routed.pb -rpx hda_pcie_top_bus_skew_routed.rpx
INFO: [Timing 38-91] UpdateTimingParams: Speed grade: -2, Delay Type: min_max.
INFO: [Timing 38-191] Multithreading enabled for timing update using a maximum of 2 CPUs
INFO: [Common 17-206] Exiting Vivado at Wed Mar 11 19:19:01 2026...
